WCCILevent   (0), 2024.09.23 10:38:32.555, SYS,  INFO,        1, Manager Start, PROJ, ATLITKTEMPT9, V 3.19 - 3.19 P006 platform Linux x86_64 linked at Sep  6 2023 21:34:14 (c93bd1d161c)
WCCILevent   (0), 2024.09.23 10:38:32.556, SYS,  INFO,      108, License information, Wibu CodeMeter License
WCCILevent   (0), 2024.09.23 10:38:33.571, SYS,  WARNING,   105, Invalid license, CodeMeter request for: event (9921) - returned: CmContainer Entry not found, Error 200.
WCCILevent   (0), 2024.09.23 10:38:33.575, SYS,  WARNING,   105, Invalid license, CodeMeter request for: event (9921) - returned: CmContainer Entry not found, Error 200.
WCCILevent   (0), 2024.09.23 10:38:33.575, SYS,  SEVERE,    105, Invalid license, localhost.localdomain: No license found
WCCILevent   (0), 2024.09.23 10:38:33.576, SYS,  INFO,        3, Trying to connect to (SYS: 0 Data -num 0 CONN: 1) @ localhost:4897
WCCILevent   (0), 2024.09.23 10:38:33.577, SYS,  INFO,        4, Connected to (SYS: 0 Data -num 0 CONN: 1) @ localhost (::1)
WCCILevent   (0), 2024.09.23 10:38:33.580, PARAM,SEVERE,     71, DP does not exist, _Connections.Event.ManNums:_original.._value
WCCILevent   (0), 2024.09.23 10:38:33.580, PARAM,SEVERE,     71, DP does not exist, _Connections.Event.StartTimes:_original.._value
WCCILevent   (0), 2024.09.23 10:38:33.580, PARAM,SEVERE,     71, DP does not exist, _Connections.Event.HostNames:_original.._value
WCCILevent   (0), 2024.09.23 10:38:33.580, PARAM,SEVERE,     71, DP does not exist, _Connections.Driver.ManNums:_original.._value
WCCILevent   (0), 2024.09.23 10:38:33.580, PARAM,SEVERE,     71, DP does not exist, _Connections.Driver.StartTimes:_original.._value
WCCILevent   (0), 2024.09.23 10:38:33.580, PARAM,SEVERE,     71, DP does not exist, _Connections.Driver.HostNames:_original.._value
WCCILevent   (0), 2024.09.23 10:38:33.580, PARAM,SEVERE,     71, DP does not exist, _Connections.Data.ManNums:_original.._value
WCCILevent   (0), 2024.09.23 10:38:33.580, PARAM,SEVERE,     71, DP does not exist, _Connections.Data.StartTimes:_original.._value
WCCILevent   (0), 2024.09.23 10:38:33.580, PARAM,SEVERE,     71, DP does not exist, _Connections.Data.HostNames:_original.._value
WCCILevent   (0), 2024.09.23 10:38:33.580, PARAM,SEVERE,     71, DP does not exist, _Connections.Ui.ManNums:_original.._value
WCCILevent   (0), 2024.09.23 10:38:33.580, PARAM,SEVERE,     71, DP does not exist, _Connections.Ui.StartTimes:_original.._value
WCCILevent   (0), 2024.09.23 10:38:33.580, PARAM,SEVERE,     71, DP does not exist, _Connections.Ui.HostNames:_original.._value
WCCILevent   (0), 2024.09.23 10:38:33.580, PARAM,SEVERE,     71, DP does not exist, _Connections.Ctrl.ManNums:_original.._value
WCCILevent   (0), 2024.09.23 10:38:33.580, PARAM,SEVERE,     71, DP does not exist, _Connections.Ctrl.StartTimes:_original.._value
WCCILevent   (0), 2024.09.23 10:38:33.581, PARAM,SEVERE,     71, DP does not exist, _Connections.Ctrl.HostNames:_original.._value
WCCILevent   (0), 2024.09.23 10:38:33.581, PARAM,SEVERE,     71, DP does not exist, _Connections.Ascii.ManNums:_original.._value
WCCILevent   (0), 2024.09.23 10:38:33.581, PARAM,SEVERE,     71, DP does not exist, _Connections.Ascii.StartTimes:_original.._value
WCCILevent   (0), 2024.09.23 10:38:33.581, PARAM,SEVERE,     71, DP does not exist, _Connections.Ascii.HostNames:_original.._value
WCCILevent   (0), 2024.09.23 10:38:33.581, PARAM,SEVERE,     71, DP does not exist, _Connections.Api.ManNums:_original.._value
WCCILevent   (0), 2024.09.23 10:38:33.581, PARAM,SEVERE,     71, DP does not exist, _Connections.Api.StartTimes:_original.._value
WCCILevent   (0), 2024.09.23 10:38:33.581, PARAM,SEVERE,     71, DP does not exist, _Connections.Api.HostNames:_original.._value
WCCILevent   (0), 2024.09.23 10:38:33.581, PARAM,SEVERE,     71, DP does not exist, _Connections.Device.ManNums:_original.._value
WCCILevent   (0), 2024.09.23 10:38:33.581, PARAM,SEVERE,     71, DP does not exist, _Connections.Device.StartTimes:_original.._value
WCCILevent   (0), 2024.09.23 10:38:33.581, PARAM,SEVERE,     71, DP does not exist, _Connections.Device.HostNames:_original.._value
WCCILevent   (0), 2024.09.23 10:38:33.581, PARAM,SEVERE,     71, DP does not exist, _Connections.Redu.ManNums:_original.._value
WCCILevent   (0), 2024.09.23 10:38:33.581, PARAM,SEVERE,     71, DP does not exist, _Connections.Redu.StartTimes:_original.._value
WCCILevent   (0), 2024.09.23 10:38:33.581, PARAM,SEVERE,     71, DP does not exist, _Connections.Redu.HostNames:_original.._value
WCCILevent   (0), 2024.09.23 10:38:33.581, PARAM,SEVERE,     71, DP does not exist, _Connections.Report.ManNums:_original.._value
WCCILevent   (0), 2024.09.23 10:38:33.581, PARAM,SEVERE,     71, DP does not exist, _Connections.Report.StartTimes:_original.._value
WCCILevent   (0), 2024.09.23 10:38:33.581, PARAM,SEVERE,     71, DP does not exist, _Connections.Report.HostNames:_original.._value
WCCILevent   (0), 2024.09.23 10:38:33.581, PARAM,SEVERE,     71, DP does not exist, _Connections.Dde.ManNums:_original.._value
WCCILevent   (0), 2024.09.23 10:38:33.581, PARAM,SEVERE,     71, DP does not exist, _Connections.Dde.StartTimes:_original.._value
WCCILevent   (0), 2024.09.23 10:38:33.581, PARAM,SEVERE,     71, DP does not exist, _Connections.Dde.HostNames:_original.._value
WCCILevent   (0), 2024.09.23 10:38:33.581, PARAM,SEVERE,     71, DP does not exist, _Connections.Dist.ManNums:_original.._value
WCCILevent   (0), 2024.09.23 10:38:33.581, PARAM,SEVERE,     71, DP does not exist, _Connections.Dist.StartTimes:_original.._value
WCCILevent   (0), 2024.09.23 10:38:33.581, PARAM,SEVERE,     71, DP does not exist, _Connections.Dist.HostNames:_original.._value
WCCILevent   (0), 2024.09.23 10:38:33.584, SYS,  WARNING,   105, Invalid license, CodeMeter request for: event (9921) - returned: CmContainer Entry not found, Error 200.
WCCILevent   (0), 2024.09.23 10:38:33.585, SYS,  SEVERE,    105, Invalid license, localhost.localdomain: No license found
WCCILevent   (0), 2024.09.23 10:38:33.585, SYS,  INFO,        6, Initialization by Data Manager finished
WCCILevent   (0), 2024.09.23 10:38:33.608, SYS,  INFO,      169, Initialize 0 dp-functions
WCCILevent   (0), 2024.09.23 10:38:33.608, SYS,  INFO,      168, Initialize 0 alerts
WCCILevent   (0), 2024.09.23 10:38:33.608, PARAM,WARNING,     7, Datapoint does not exist, EvFixedLicenses, EvFixedLicenses, _Event.License.FixedShield
WCCILevent   (0), 2024.09.23 10:38:33.608, PARAM,WARNING,     7, Datapoint does not exist, UserTable, UserTable, _Users.UserId
WCCILevent   (0), 2024.09.23 10:38:33.608, PARAM,WARNING,     7, Datapoint does not exist, ManagerTable, ManagerTable, _Managers.Auth.ManType
WCCILevent   (0), 2024.09.23 10:38:33.608, PARAM,WARNING,     7, Datapoint does not exist, EventManager, doDpConnect, _System.Auth.DpType:_original.._value
WCCILevent   (0), 2024.09.23 10:38:33.608, PARAM,WARNING,     7, Datapoint does not exist, EventManager, doDpConnect, _System.Auth.Dp:_original.._value
WCCILevent   (0), 2024.09.23 10:38:33.608, PARAM,WARNING,     7, Datapoint does not exist, EventManager, doDpConnect, _System.Auth.DpAuth:_original.._value
WCCILevent   (0), 2024.09.23 10:38:33.609, PARAM,WARNING,     7, Datapoint does not exist, EventManager, doDpConnect, _System.Auth.DpAlias:_original.._value
WCCILevent   (0), 2024.09.23 10:38:33.609, PARAM,WARNING,     7, Datapoint does not exist, EventManager, dpDpConnect, _Event.ReadLicense
WCCILevent   (0), 2024.09.23 10:38:33.609, PARAM,WARNING,     8, Element does not exist, EventManager, doDpConnect, _Managers.Exit
WCCILevent   (0), 2024.09.23 10:38:33.609, PARAM,WARNING,     8, Element does not exist, EventManager, doDpConnect, _Managers.Refresh
WCCILevent   (0), 2024.09.23 10:38:33.609, PARAM,WARNING,     7, Datapoint does not exist, EventManager, evMain, _Event.License.ExpirationCnt
WCCILevent   (0), 2024.09.23 10:38:33.609, PARAM,WARNING,     7, Datapoint does not exist, EventManager, evMain, _Event.License.RemainingTime
WCCILevent   (0), 2024.09.23 10:38:33.609, PARAM,WARNING,     7, Datapoint does not exist, EventManager, evMain, _Event.License.alm.isRTILInvalid:_original.._value
WCCILevent   (0), 2024.09.23 10:38:33.609, PARAM,WARNING,     7, Datapoint does not exist, EventManager, evMain, _Event.License.alm.isPVSSInvalid:_original.._value
WCCILevent   (0), 2024.09.23 10:38:33.609, PARAM,WARNING,     7, Datapoint does not exist, EventManager, evMain, _Event.License.cmLicenseInvalid:_original.._value
WCCILevent   (0), 2024.09.23 10:38:33.609, PARAM,WARNING,     7, Datapoint does not exist, EventManager, evMain, _Event.License.alm.shield:_original.._value
WCCILevent   (0), 2024.09.23 10:38:33.609, SYS,  SEVERE,    105, Invalid license, Eventmanager will shutdown after the demo period of 1800 seconds
WCCILevent   (0), 2024.09.23 10:38:33.630, SYS,  WARNING,   105, Invalid license, localhost.localdomain: No license found, Running as demo version, driver
WCCILevent   (0), 2024.09.23 10:38:33.630, SYS,  INFO,        4, Connected to (SYS: 11 Driver -num 1 CONN: 1) @ localhost (::1)
WCCILevent   (0), 2024.09.23 10:38:33.641, SYS,  WARNING,   105, Invalid license, localhost.localdomain: No license found, Running as demo version, ascii
WCCILevent   (0), 2024.09.23 10:38:33.641, SYS,  INFO,        4, Connected to (SYS: 11 Ascii -num 1 CONN: 1) @ localhost (::1)
WCCILevent   (0), 2024.09.23 10:38:33.719, SYS,  INFO,       39, Connection lost, MAN: (SYS: 11 Ascii -num 1 CONN: 1), Connection closed
WCCILevent   (0), 2024.09.23 10:38:33.732, SYS,  WARNING,   105, Invalid license, localhost.localdomain: No license found, Running as demo version, ascii
WCCILevent   (0), 2024.09.23 10:38:33.732, SYS,  INFO,        4, Connected to (SYS: 11 Ascii -num 1 CONN: 1) @ localhost (::1)
WCCILevent   (0), 2024.09.23 10:38:33.787, SYS,  INFO,       39, Connection lost, MAN: (SYS: 11 Ascii -num 1 CONN: 1), Connection closed
WCCILevent   (0), 2024.09.23 10:38:33.806, SYS,  WARNING,   105, Invalid license, localhost.localdomain: No license found, Running as demo version, ascii
WCCILevent   (0), 2024.09.23 10:38:33.806, SYS,  INFO,        4, Connected to (SYS: 11 Ascii -num 1 CONN: 1) @ localhost (::1)
WCCILevent   (0), 2024.09.23 10:38:33.968, SYS,  INFO,       39, Connection lost, MAN: (SYS: 11 Ascii -num 1 CONN: 1), Connection closed
WCCILevent   (0), 2024.09.23 10:38:33.991, SYS,  WARNING,   105, Invalid license, localhost.localdomain: No license found, Running as demo version, ascii
WCCILevent   (0), 2024.09.23 10:38:33.991, SYS,  INFO,        4, Connected to (SYS: 11 Ascii -num 1 CONN: 1) @ localhost (::1)
WCCILevent   (0), 2024.09.23 10:38:34.011, SYS,  INFO,       39, Connection lost, MAN: (SYS: 11 Ascii -num 1 CONN: 1), Connection closed
WCCILevent   (0), 2024.09.23 10:38:34.023, SYS,  WARNING,   105, Invalid license, localhost.localdomain: No license found, Running as demo version, ascii
WCCILevent   (0), 2024.09.23 10:38:34.023, SYS,  INFO,        4, Connected to (SYS: 11 Ascii -num 1 CONN: 1) @ localhost (::1)
WCCILevent   (0), 2024.09.23 10:38:34.025, SYS,  INFO,       39, Connection lost, MAN: (SYS: 11 Ascii -num 1 CONN: 1), Connection closed
WCCILevent   (0), 2024.09.23 10:38:34.046, SYS,  WARNING,   105, Invalid license, localhost.localdomain: No license found, Running as demo version, ascii
WCCILevent   (0), 2024.09.23 10:38:34.046, SYS,  INFO,        4, Connected to (SYS: 11 Ascii -num 1 CONN: 1) @ localhost (::1)
WCCILevent   (0), 2024.09.23 10:38:34.048, SYS,  INFO,       39, Connection lost, MAN: (SYS: 11 Ascii -num 1 CONN: 1), Connection closed
WCCILevent   (0), 2024.09.23 10:38:34.071, SYS,  INFO,       39, Connection lost, MAN: (SYS: 11 Driver -num 1 CONN: 1), Connection closed
WCCILevent   (0), 2024.09.23 10:38:35.051, SYS,  INFO,        2, Manager Stop, received signal 15, exiting
WCCILevent   (0), 2024.09.23 10:38:35.051, SYS,  INFO,        2, Manager Stop, start cleanup
WCCILevent   (0), 2024.09.23 10:38:35.052, SYS,  INFO,      181, Closing connection to (SYS: 11 Data -num 0 CONN: 1)
WCCILevent   (0), 2024.09.23 10:38:35.052, SYS,  INFO,       39, Connection lost, MAN: (SYS: 11 Data -num 0 CONN: 1), Connection closed
WCCILevent   (0), 2024.09.23 10:38:35.062, SYS,  INFO,        2, Manager Stop
