WCCILdata    (0), 2024.09.23 10:38:32.477, SYS,  INFO,        1, Manager Start, PROJ, ATLITKTEMPT9, V 3.19 - 3.19 P006 platform Linux x86_64 linked at Sep  6 2023 21:34:14 (c93bd1d161c)
WCCILdata    (0), 2024.09.23 10:38:32.478, SYS,  INFO,        0, , (Re)Opening databases in single user mode without transaction logging.
WCCILdata    (0), 2024.09.23 10:38:32.534, SYS,  INFO,        0, , Initialize archive smoothing
WCCILdata    (0), 2024.09.23 10:38:32.534, SYS,  INFO,        0, , Initialize archive smoothing
WCCILdata    (0), 2024.09.23 10:38:32.534, SYS,  INFO,        0, , Loading DpIdentification
WCCILdata    (0), 2024.09.23 10:38:32.535, SYS,  INFO,        0, , Initializing last value cache
WCCILdata    (0), 2024.09.23 10:38:32.535, SYS,  INFO,        0, , Loading internal datapoints
WCCILdata    (0), 2024.09.23 10:38:32.535, SYS,  WARNING,    33, General error in Data Manager, DataManDpIntern, loadInternalDp, Internal DPE not found: _DataManager.DataBase.Check:_original.._value
WCCILdata    (0), 2024.09.23 10:38:32.535, SYS,  INFO,        0, , Initializing ID history
WCCILdata    (0), 2024.09.23 10:38:32.535, SYS,  INFO,        0, , Initializing Alert history
WCCILdata    (0), 2024.09.23 10:38:32.535, SYS,  INFO,        0, , Initializing Alert Class cache
WCCILdata    (0), 2024.09.23 10:38:32.535, SYS,  INFO,        6, Initialization by Data Manager finished
WCCILdata    (0), 2024.09.23 10:38:32.536, PARAM,SEVERE,      8, Element does not exist, problem during archive initialization, datapoint does not exist:, _ValueArchive_0.arNr:_original.._value
WCCILdata    (0), 2024.09.23 10:38:32.536, PARAM,SEVERE,      8, Element does not exist, problem during archive initialization, datapoint does not exist:, _ValueArchive_0.state:_original.._value
WCCILdata    (0), 2024.09.23 10:38:32.536, PARAM,SEVERE,      8, Element does not exist, problem during archive initialization, datapoint does not exist:, _ValueArchive_0.general.arType:_original.._value
WCCILdata    (0), 2024.09.23 10:38:32.536, PARAM,SEVERE,      8, Element does not exist, problem during archive initialization, datapoint does not exist:, _ValueArchive_0.general.arName:_original.._value
WCCILdata    (0), 2024.09.23 10:38:32.536, PARAM,SEVERE,      8, Element does not exist, problem during archive initialization, datapoint does not exist:, _ValueArchive_0.general.hostNameGet:_original.._value
WCCILdata    (0), 2024.09.23 10:38:32.536, PARAM,SEVERE,      8, Element does not exist, problem during archive initialization, datapoint does not exist:, _ValueArchive_0.general.hostNameSet:_original.._value
WCCILdata    (0), 2024.09.23 10:38:32.536, PARAM,SEVERE,      8, Element does not exist, problem during archive initialization, datapoint does not exist:, _ValueArchive_0.general.filePathGet:_original.._value
WCCILdata    (0), 2024.09.23 10:38:32.536, PARAM,SEVERE,      8, Element does not exist, problem during archive initialization, datapoint does not exist:, _ValueArchive_0.general.filePathSet:_original.._value
WCCILdata    (0), 2024.09.23 10:38:32.536, PARAM,SEVERE,      8, Element does not exist, problem during archive initialization, datapoint does not exist:, _ValueArchive_0.general.fileNameGet:_original.._value
WCCILdata    (0), 2024.09.23 10:38:32.536, PARAM,SEVERE,      8, Element does not exist, problem during archive initialization, datapoint does not exist:, _ValueArchive_0.general.fileNameSet:_original.._value
WCCILdata    (0), 2024.09.23 10:38:32.536, PARAM,SEVERE,      8, Element does not exist, problem during archive initialization, datapoint does not exist:, _ValueArchive_0.general.createArchive:_original.._value
WCCILdata    (0), 2024.09.23 10:38:32.536, PARAM,SEVERE,      8, Element does not exist, problem during archive initialization, datapoint does not exist:, _ValueArchive_0.general.forwardToRDB:_original.._value
WCCILdata    (0), 2024.09.23 10:38:32.536, PARAM,SEVERE,      8, Element does not exist, problem during archive initialization, datapoint does not exist:, _ValueArchive_0.error.errNum:_original.._value
WCCILdata    (0), 2024.09.23 10:38:32.536, PARAM,SEVERE,      8, Element does not exist, problem during archive initialization, datapoint does not exist:, _ValueArchive_0.error.errDp:_original.._value
WCCILdata    (0), 2024.09.23 10:38:32.536, PARAM,SEVERE,      8, Element does not exist, problem during archive initialization, datapoint does not exist:, _ValueArchive_0.error.errBit:_original.._value
WCCILdata    (0), 2024.09.23 10:38:32.536, PARAM,SEVERE,      8, Element does not exist, problem during archive initialization, datapoint does not exist:, _ValueArchive_0.error.errRead:_original.._value
WCCILdata    (0), 2024.09.23 10:38:32.536, PARAM,SEVERE,      8, Element does not exist, problem during archive initialization, datapoint does not exist:, _ValueArchive_0.size.maxDpElGet:_original.._value
WCCILdata    (0), 2024.09.23 10:38:32.536, PARAM,SEVERE,      8, Element does not exist, problem during archive initialization, datapoint does not exist:, _ValueArchive_0.size.maxDpElSet:_original.._value
WCCILdata    (0), 2024.09.23 10:38:32.536, PARAM,SEVERE,      8, Element does not exist, problem during archive initialization, datapoint does not exist:, _ValueArchive_0.size.maxValuesGet:_original.._value
WCCILdata    (0), 2024.09.23 10:38:32.536, PARAM,SEVERE,      8, Element does not exist, problem during archive initialization, datapoint does not exist:, _ValueArchive_0.size.maxValuesSet:_original.._value
WCCILdata    (0), 2024.09.23 10:38:32.536, PARAM,SEVERE,      8, Element does not exist, problem during archive initialization, datapoint does not exist:, _ValueArchive_0.size.maxFillPctGet:_original.._value
WCCILdata    (0), 2024.09.23 10:38:32.536, PARAM,SEVERE,      8, Element does not exist, problem during archive initialization, datapoint does not exist:, _ValueArchive_0.size.maxFillPctSet:_original.._value
WCCILdata    (0), 2024.09.23 10:38:32.536, PARAM,SEVERE,      8, Element does not exist, problem during archive initialization, datapoint does not exist:, _ValueArchive_0.size.maxHeapSizeGet:_original.._value
WCCILdata    (0), 2024.09.23 10:38:32.536, PARAM,SEVERE,      8, Element does not exist, problem during archive initialization, datapoint does not exist:, _ValueArchive_0.size.maxHeapSizeSet:_original.._value
WCCILdata    (0), 2024.09.23 10:38:32.536, PARAM,SEVERE,      8, Element does not exist, problem during archive initialization, datapoint does not exist:, _ValueArchive_0.size.maxCacheGet:_original.._value
WCCILdata    (0), 2024.09.23 10:38:32.536, PARAM,SEVERE,      8, Element does not exist, problem during archive initialization, datapoint does not exist:, _ValueArchive_0.size.maxCacheSet:_original.._value
WCCILdata    (0), 2024.09.23 10:38:32.536, PARAM,SEVERE,      8, Element does not exist, problem during archive initialization, datapoint does not exist:, _ValueArchive_0.size.maxCorrCacheGet:_original.._value
WCCILdata    (0), 2024.09.23 10:38:32.536, PARAM,SEVERE,      8, Element does not exist, problem during archive initialization, datapoint does not exist:, _ValueArchive_0.size.maxCorrCacheSet:_original.._value
WCCILdata    (0), 2024.09.23 10:38:32.536, PARAM,SEVERE,      8, Element does not exist, problem during archive initialization, datapoint does not exist:, _ValueArchive_0.intervals.aliveInterval:_original.._value
WCCILdata    (0), 2024.09.23 10:38:32.536, PARAM,SEVERE,      8, Element does not exist, problem during archive initialization, datapoint does not exist:, _ValueArchive_0.intervals.saveCycle:_original.._value
WCCILdata    (0), 2024.09.23 10:38:32.536, PARAM,SEVERE,      8, Element does not exist, problem during archive initialization, datapoint does not exist:, _ValueArchive_0.setMgmt.fileSwitch.switchTimeGet.validFrom:_original.._value
WCCILdata    (0), 2024.09.23 10:38:32.536, PARAM,SEVERE,      8, Element does not exist, problem during archive initialization, datapoint does not exist:, _ValueArchive_0.setMgmt.fileSwitch.switchTimeGet.validUntil:_original.._value
WCCILdata    (0), 2024.09.23 10:38:32.536, PARAM,SEVERE,      8, Element does not exist, problem during archive initialization, datapoint does not exist:, _ValueArchive_0.setMgmt.fileSwitch.switchTimeGet.time:_original.._value
WCCILdata    (0), 2024.09.23 10:38:32.536, PARAM,SEVERE,      8, Element does not exist, problem during archive initialization, datapoint does not exist:, _ValueArchive_0.setMgmt.fileSwitch.switchTimeGet.weekDay:_original.._value
WCCILdata    (0), 2024.09.23 10:38:32.536, PARAM,SEVERE,      8, Element does not exist, problem during archive initialization, datapoint does not exist:, _ValueArchive_0.setMgmt.fileSwitch.switchTimeGet.monthDay:_original.._value
WCCILdata    (0), 2024.09.23 10:38:32.536, PARAM,SEVERE,      8, Element does not exist, problem during archive initialization, datapoint does not exist:, _ValueArchive_0.setMgmt.fileSwitch.switchTimeGet.month:_original.._value
WCCILdata    (0), 2024.09.23 10:38:32.536, PARAM,SEVERE,      8, Element does not exist, problem during archive initialization, datapoint does not exist:, _ValueArchive_0.setMgmt.fileSwitch.switchTimeGet.syncTime:_original.._value
WCCILdata    (0), 2024.09.23 10:38:32.536, PARAM,SEVERE,      8, Element does not exist, problem during archive initialization, datapoint does not exist:, _ValueArchive_0.setMgmt.fileSwitch.switchTimeGet.syncWeekDay:_original.._value
WCCILdata    (0), 2024.09.23 10:38:32.536, PARAM,SEVERE,      8, Element does not exist, problem during archive initialization, datapoint does not exist:, _ValueArchive_0.setMgmt.fileSwitch.switchTimeGet.syncDay:_original.._value
WCCILdata    (0), 2024.09.23 10:38:32.536, PARAM,SEVERE,      8, Element does not exist, problem during archive initialization, datapoint does not exist:, _ValueArchive_0.setMgmt.fileSwitch.switchTimeGet.syncMonth:_original.._value
WCCILdata    (0), 2024.09.23 10:38:32.536, PARAM,SEVERE,      8, Element does not exist, problem during archive initialization, datapoint does not exist:, _ValueArchive_0.setMgmt.fileSwitch.switchTimeGet.interval:_original.._value
WCCILdata    (0), 2024.09.23 10:38:32.536, PARAM,SEVERE,      8, Element does not exist, problem during archive initialization, datapoint does not exist:, _ValueArchive_0.setMgmt.fileSwitch.switchTimeGet.delay:_original.._value
WCCILdata    (0), 2024.09.23 10:38:32.536, PARAM,SEVERE,      8, Element does not exist, problem during archive initialization, datapoint does not exist:, _ValueArchive_0.setMgmt.fileSwitch.switchTimeSet.validFrom:_original.._value
WCCILdata    (0), 2024.09.23 10:38:32.536, PARAM,SEVERE,      8, Element does not exist, problem during archive initialization, datapoint does not exist:, _ValueArchive_0.setMgmt.fileSwitch.switchTimeSet.validUntil:_original.._value
WCCILdata    (0), 2024.09.23 10:38:32.537, PARAM,SEVERE,      8, Element does not exist, problem during archive initialization, datapoint does not exist:, _ValueArchive_0.setMgmt.fileSwitch.switchTimeSet.time:_original.._value
WCCILdata    (0), 2024.09.23 10:38:32.537, PARAM,SEVERE,      8, Element does not exist, problem during archive initialization, datapoint does not exist:, _ValueArchive_0.setMgmt.fileSwitch.switchTimeSet.weekDay:_original.._value
WCCILdata    (0), 2024.09.23 10:38:32.537, PARAM,SEVERE,      8, Element does not exist, problem during archive initialization, datapoint does not exist:, _ValueArchive_0.setMgmt.fileSwitch.switchTimeSet.monthDay:_original.._value
WCCILdata    (0), 2024.09.23 10:38:32.537, PARAM,SEVERE,      8, Element does not exist, problem during archive initialization, datapoint does not exist:, _ValueArchive_0.setMgmt.fileSwitch.switchTimeSet.month:_original.._value
WCCILdata    (0), 2024.09.23 10:38:32.537, PARAM,SEVERE,      8, Element does not exist, problem during archive initialization, datapoint does not exist:, _ValueArchive_0.setMgmt.fileSwitch.switchTimeSet.syncTime:_original.._value
WCCILdata    (0), 2024.09.23 10:38:32.537, PARAM,SEVERE,      8, Element does not exist, problem during archive initialization, datapoint does not exist:, _ValueArchive_0.setMgmt.fileSwitch.switchTimeSet.syncWeekDay:_original.._value
WCCILdata    (0), 2024.09.23 10:38:32.537, SYS,  SEVERE,    118, Last error already repeated 50 times. Until another output occurs, this one will be blocked.
WCCILdata    (0), 2024.09.23 10:38:32.537, PARAM,SEVERE,      8, Element does not exist, problem during archive initialization, datapoint does not exist:, _ValueArchive_0.setMgmt.fileCompression.autoStartAfterSwitchSet:_original.._value
WCCILdata    (0), 2024.09.23 10:38:32.538, SYS,  INFO,      119, Last error repeated 213 times.
WCCILdata    (0), 2024.09.23 10:38:32.538, SYS,  INFO,        0, , Initializing Value Archives
WCCILdata    (0), 2024.09.23 10:38:32.538, SYS,  INFO,        0, , ValueArchive will be used...
WCCILdata    (0), 2024.09.23 10:38:33.578, SYS,  INFO,        4, Connected to (SYS: 11 Event -num 0 CONN: 1) @ localhost (::1)
WCCILdata    (0), 2024.09.23 10:38:33.578, SYS,  INFO,        0, , Manager (SYS: 11 Data -num 0 CONN: 1) initialised
WCCILdata    (0), 2024.09.23 10:38:33.580, SYS,  INFO,        0, , Manager (SYS: 11 Event -num 0 CONN: 1) initialised
WCCILdata    (0), 2024.09.23 10:38:33.609, PARAM,WARNING,     7, Datapoint does not exist, UserTable, UserTable, _Users.UserId
WCCILdata    (0), 2024.09.23 10:38:33.609, PARAM,WARNING,     7, Datapoint does not exist, ManagerTable, ManagerTable, _Managers.Auth.ManType
WCCILdata    (0), 2024.09.23 10:38:33.626, SYS,  INFO,        4, Connected to (SYS: 11 Driver -num 1 CONN: 1) @ localhost (::1)
WCCILdata    (0), 2024.09.23 10:38:33.626, SYS,  INFO,        0, , Manager (SYS: 11 Driver -num 1 CONN: 1) initialised
WCCILdata    (0), 2024.09.23 10:38:33.640, SYS,  INFO,        4, Connected to (SYS: 11 Ascii -num 1 CONN: 1) @ localhost (::1)
WCCILdata    (0), 2024.09.23 10:38:33.640, SYS,  INFO,        0, , Manager (SYS: 11 Ascii -num 1 CONN: 1) initialised
WCCILdata    (0), 2024.09.23 10:38:33.641, SYS,  INFO,        0, , Manager (SYS: 11 Ascii -num 1 CONN: 1) initialised
WCCILdata    (0), 2024.09.23 10:38:33.719, SYS,  INFO,       39, Connection lost, MAN: (SYS: 11 Ascii -num 1 CONN: 1), Connection closed
WCCILdata    (0), 2024.09.23 10:38:33.729, SYS,  INFO,        4, Connected to (SYS: 11 Ascii -num 1 CONN: 1) @ localhost (::1)
WCCILdata    (0), 2024.09.23 10:38:33.730, SYS,  INFO,        0, , Manager (SYS: 11 Ascii -num 1 CONN: 1) initialised
WCCILdata    (0), 2024.09.23 10:38:33.732, SYS,  INFO,        0, , Manager (SYS: 11 Ascii -num 1 CONN: 1) initialised
WCCILdata    (0), 2024.09.23 10:38:33.787, SYS,  INFO,       39, Connection lost, MAN: (SYS: 11 Ascii -num 1 CONN: 1), Connection closed
WCCILdata    (0), 2024.09.23 10:38:33.802, SYS,  INFO,        4, Connected to (SYS: 11 Ascii -num 1 CONN: 1) @ localhost (::1)
WCCILdata    (0), 2024.09.23 10:38:33.803, SYS,  INFO,        0, , Manager (SYS: 11 Ascii -num 1 CONN: 1) initialised
WCCILdata    (0), 2024.09.23 10:38:33.806, SYS,  INFO,        0, , Manager (SYS: 11 Ascii -num 1 CONN: 1) initialised
WCCILdata    (0), 2024.09.23 10:38:33.968, SYS,  INFO,       39, Connection lost, MAN: (SYS: 11 Ascii -num 1 CONN: 1), Connection closed
WCCILdata    (0), 2024.09.23 10:38:33.987, SYS,  INFO,        4, Connected to (SYS: 11 Ascii -num 1 CONN: 1) @ localhost (::1)
WCCILdata    (0), 2024.09.23 10:38:33.989, SYS,  INFO,        0, , Manager (SYS: 11 Ascii -num 1 CONN: 1) initialised
WCCILdata    (0), 2024.09.23 10:38:33.992, SYS,  INFO,        0, , Manager (SYS: 11 Ascii -num 1 CONN: 1) initialised
WCCILdata    (0), 2024.09.23 10:38:33.993, PARAM,WARNING,    54, Unexpected state, HistOrgMain, no internal archive dp specified in archive class of: -, parametrized dp in archive class is dist_11:_NGA_G_EVENT
WCCILdata    (0), 2024.09.23 10:38:33.993, SYS,  SEVERE,     54, Unexpected state, HistOrgMain, no valid archive number
WCCILdata    (0), 2024.09.23 10:38:33.993, PARAM,WARNING,    54, Unexpected state, HistOrgMain, no internal archive dp specified in archive class of: -, parametrized dp in archive class is dist_11:_NGA_G_EVENT
WCCILdata    (0), 2024.09.23 10:38:33.993, SYS,  SEVERE,     54, Unexpected state, HistOrgMain, no valid archive number
WCCILdata    (0), 2024.09.23 10:38:33.993, PARAM,WARNING,    54, Unexpected state, HistOrgMain, no internal archive dp specified in archive class of: -, parametrized dp in archive class is dist_11:_NGA_G_EVENT
WCCILdata    (0), 2024.09.23 10:38:33.993, SYS,  SEVERE,     54, Unexpected state, HistOrgMain, no valid archive number
WCCILdata    (0), 2024.09.23 10:38:33.993, PARAM,WARNING,    54, Unexpected state, HistOrgMain, no internal archive dp specified in archive class of: -, parametrized dp in archive class is dist_11:_NGA_G_EVENT
WCCILdata    (0), 2024.09.23 10:38:33.993, SYS,  SEVERE,     54, Unexpected state, HistOrgMain, no valid archive number
WCCILdata    (0), 2024.09.23 10:38:33.993, PARAM,WARNING,    54, Unexpected state, HistOrgMain, no internal archive dp specified in archive class of: -, parametrized dp in archive class is dist_11:_NGA_G_EVENT
WCCILdata    (0), 2024.09.23 10:38:33.993, SYS,  SEVERE,     54, Unexpected state, HistOrgMain, no valid archive number
WCCILdata    (0), 2024.09.23 10:38:33.993, PARAM,WARNING,    54, Unexpected state, HistOrgMain, no internal archive dp specified in archive class of: -, parametrized dp in archive class is dist_11:_NGA_G_EVENT
WCCILdata    (0), 2024.09.23 10:38:33.993, SYS,  SEVERE,     54, Unexpected state, HistOrgMain, no valid archive number
WCCILdata    (0), 2024.09.23 10:38:33.993, PARAM,WARNING,    54, Unexpected state, HistOrgMain, no internal archive dp specified in archive class of: -, parametrized dp in archive class is dist_11:_NGA_G_EVENT
WCCILdata    (0), 2024.09.23 10:38:33.993, SYS,  SEVERE,     54, Unexpected state, HistOrgMain, no valid archive number
WCCILdata    (0), 2024.09.23 10:38:33.993, PARAM,WARNING,    54, Unexpected state, HistOrgMain, no internal archive dp specified in archive class of: -, parametrized dp in archive class is dist_11:_NGA_G_EVENT
WCCILdata    (0), 2024.09.23 10:38:33.993, SYS,  SEVERE,     54, Unexpected state, HistOrgMain, no valid archive number
WCCILdata    (0), 2024.09.23 10:38:33.993, PARAM,WARNING,    54, Unexpected state, HistOrgMain, no internal archive dp specified in archive class of: -, parametrized dp in archive class is dist_11:_NGA_G_EVENT
WCCILdata    (0), 2024.09.23 10:38:33.993, SYS,  SEVERE,     54, Unexpected state, HistOrgMain, no valid archive number
WCCILdata    (0), 2024.09.23 10:38:33.993, PARAM,WARNING,    54, Unexpected state, HistOrgMain, no internal archive dp specified in archive class of: -, parametrized dp in archive class is dist_11:_NGA_G_EVENT
WCCILdata    (0), 2024.09.23 10:38:33.993, SYS,  SEVERE,     54, Unexpected state, HistOrgMain, no valid archive number
WCCILdata    (0), 2024.09.23 10:38:33.994, PARAM,WARNING,    54, Unexpected state, HistOrgMain, no internal archive dp specified in archive class of: -, parametrized dp in archive class is dist_11:_NGA_G_EVENT
WCCILdata    (0), 2024.09.23 10:38:33.994, SYS,  SEVERE,     54, Unexpected state, HistOrgMain, no valid archive number
WCCILdata    (0), 2024.09.23 10:38:33.994, PARAM,WARNING,    54, Unexpected state, HistOrgMain, no internal archive dp specified in archive class of: -, parametrized dp in archive class is dist_11:_NGA_G_EVENT
WCCILdata    (0), 2024.09.23 10:38:33.994, SYS,  SEVERE,     54, Unexpected state, HistOrgMain, no valid archive number
WCCILdata    (0), 2024.09.23 10:38:33.994, PARAM,WARNING,    54, Unexpected state, HistOrgMain, no internal archive dp specified in archive class of: -, parametrized dp in archive class is dist_11:_NGA_G_EVENT
WCCILdata    (0), 2024.09.23 10:38:33.994, SYS,  SEVERE,     54, Unexpected state, HistOrgMain, no valid archive number
WCCILdata    (0), 2024.09.23 10:38:33.994, PARAM,WARNING,    54, Unexpected state, HistOrgMain, no internal archive dp specified in archive class of: -, parametrized dp in archive class is dist_11:_NGA_G_EVENT
WCCILdata    (0), 2024.09.23 10:38:33.994, SYS,  SEVERE,     54, Unexpected state, HistOrgMain, no valid archive number
WCCILdata    (0), 2024.09.23 10:38:33.994, PARAM,WARNING,    54, Unexpected state, HistOrgMain, no internal archive dp specified in archive class of: -, parametrized dp in archive class is dist_11:_NGA_G_EVENT
WCCILdata    (0), 2024.09.23 10:38:33.994, SYS,  SEVERE,     54, Unexpected state, HistOrgMain, no valid archive number
WCCILdata    (0), 2024.09.23 10:38:33.994, PARAM,WARNING,    54, Unexpected state, HistOrgMain, no internal archive dp specified in archive class of: -, parametrized dp in archive class is dist_11:_NGA_G_EVENT
WCCILdata    (0), 2024.09.23 10:38:33.994, SYS,  SEVERE,     54, Unexpected state, HistOrgMain, no valid archive number
WCCILdata    (0), 2024.09.23 10:38:33.994, PARAM,WARNING,    54, Unexpected state, HistOrgMain, no internal archive dp specified in archive class of: -, parametrized dp in archive class is dist_11:_NGA_G_EVENT
WCCILdata    (0), 2024.09.23 10:38:33.994, SYS,  SEVERE,     54, Unexpected state, HistOrgMain, no valid archive number
WCCILdata    (0), 2024.09.23 10:38:33.994, PARAM,WARNING,    54, Unexpected state, HistOrgMain, no internal archive dp specified in archive class of: -, parametrized dp in archive class is dist_11:_NGA_G_EVENT
WCCILdata    (0), 2024.09.23 10:38:33.994, SYS,  SEVERE,     54, Unexpected state, HistOrgMain, no valid archive number
WCCILdata    (0), 2024.09.23 10:38:33.994, PARAM,WARNING,    54, Unexpected state, HistOrgMain, no internal archive dp specified in archive class of: -, parametrized dp in archive class is dist_11:_NGA_G_EVENT
WCCILdata    (0), 2024.09.23 10:38:33.994, SYS,  SEVERE,     54, Unexpected state, HistOrgMain, no valid archive number
WCCILdata    (0), 2024.09.23 10:38:33.994, PARAM,WARNING,    54, Unexpected state, HistOrgMain, no internal archive dp specified in archive class of: -, parametrized dp in archive class is dist_11:_NGA_G_EVENT
WCCILdata    (0), 2024.09.23 10:38:33.994, SYS,  SEVERE,     54, Unexpected state, HistOrgMain, no valid archive number
WCCILdata    (0), 2024.09.23 10:38:33.994, PARAM,WARNING,    54, Unexpected state, HistOrgMain, no internal archive dp specified in archive class of: -, parametrized dp in archive class is dist_11:_NGA_G_EVENT
WCCILdata    (0), 2024.09.23 10:38:33.994, SYS,  SEVERE,     54, Unexpected state, HistOrgMain, no valid archive number
WCCILdata    (0), 2024.09.23 10:38:33.994, PARAM,WARNING,    54, Unexpected state, HistOrgMain, no internal archive dp specified in archive class of: -, parametrized dp in archive class is dist_11:_NGA_G_EVENT
WCCILdata    (0), 2024.09.23 10:38:33.994, SYS,  SEVERE,     54, Unexpected state, HistOrgMain, no valid archive number
WCCILdata    (0), 2024.09.23 10:38:33.994, PARAM,WARNING,    54, Unexpected state, HistOrgMain, no internal archive dp specified in archive class of: -, parametrized dp in archive class is dist_11:_NGA_G_EVENT
WCCILdata    (0), 2024.09.23 10:38:33.994, SYS,  SEVERE,     54, Unexpected state, HistOrgMain, no valid archive number
WCCILdata    (0), 2024.09.23 10:38:33.994, PARAM,WARNING,    54, Unexpected state, HistOrgMain, no internal archive dp specified in archive class of: -, parametrized dp in archive class is dist_11:_NGA_G_EVENT
WCCILdata    (0), 2024.09.23 10:38:33.994, SYS,  SEVERE,     54, Unexpected state, HistOrgMain, no valid archive number
WCCILdata    (0), 2024.09.23 10:38:33.995, PARAM,WARNING,    54, Unexpected state, HistOrgMain, no internal archive dp specified in archive class of: -, parametrized dp in archive class is dist_11:_NGA_G_EVENT
WCCILdata    (0), 2024.09.23 10:38:33.995, SYS,  SEVERE,     54, Unexpected state, HistOrgMain, no valid archive number
WCCILdata    (0), 2024.09.23 10:38:33.995, PARAM,WARNING,    54, Unexpected state, HistOrgMain, no internal archive dp specified in archive class of: -, parametrized dp in archive class is dist_11:_NGA_G_EVENT
WCCILdata    (0), 2024.09.23 10:38:33.995, SYS,  SEVERE,     54, Unexpected state, HistOrgMain, no valid archive number
WCCILdata    (0), 2024.09.23 10:38:33.995, PARAM,WARNING,    54, Unexpected state, HistOrgMain, no internal archive dp specified in archive class of: -, parametrized dp in archive class is dist_11:_NGA_G_EVENT
WCCILdata    (0), 2024.09.23 10:38:33.995, SYS,  SEVERE,     54, Unexpected state, HistOrgMain, no valid archive number
WCCILdata    (0), 2024.09.23 10:38:33.995, PARAM,WARNING,    54, Unexpected state, HistOrgMain, no internal archive dp specified in archive class of: -, parametrized dp in archive class is dist_11:_NGA_G_EVENT
WCCILdata    (0), 2024.09.23 10:38:33.995, SYS,  SEVERE,     54, Unexpected state, HistOrgMain, no valid archive number
WCCILdata    (0), 2024.09.23 10:38:33.995, PARAM,WARNING,    54, Unexpected state, HistOrgMain, no internal archive dp specified in archive class of: -, parametrized dp in archive class is dist_11:_NGA_G_EVENT
WCCILdata    (0), 2024.09.23 10:38:33.995, SYS,  SEVERE,     54, Unexpected state, HistOrgMain, no valid archive number
WCCILdata    (0), 2024.09.23 10:38:33.995, PARAM,WARNING,    54, Unexpected state, HistOrgMain, no internal archive dp specified in archive class of: -, parametrized dp in archive class is dist_11:_NGA_G_EVENT
WCCILdata    (0), 2024.09.23 10:38:33.995, SYS,  SEVERE,     54, Unexpected state, HistOrgMain, no valid archive number
WCCILdata    (0), 2024.09.23 10:38:33.995, PARAM,WARNING,    54, Unexpected state, HistOrgMain, no internal archive dp specified in archive class of: -, parametrized dp in archive class is dist_11:_NGA_G_EVENT
WCCILdata    (0), 2024.09.23 10:38:33.995, SYS,  SEVERE,     54, Unexpected state, HistOrgMain, no valid archive number
WCCILdata    (0), 2024.09.23 10:38:33.995, PARAM,WARNING,    54, Unexpected state, HistOrgMain, no internal archive dp specified in archive class of: -, parametrized dp in archive class is dist_11:_NGA_G_EVENT
WCCILdata    (0), 2024.09.23 10:38:33.995, SYS,  SEVERE,     54, Unexpected state, HistOrgMain, no valid archive number
WCCILdata    (0), 2024.09.23 10:38:33.995, PARAM,WARNING,    54, Unexpected state, HistOrgMain, no internal archive dp specified in archive class of: -, parametrized dp in archive class is dist_11:_NGA_G_EVENT
WCCILdata    (0), 2024.09.23 10:38:33.995, SYS,  SEVERE,     54, Unexpected state, HistOrgMain, no valid archive number
WCCILdata    (0), 2024.09.23 10:38:33.995, PARAM,WARNING,    54, Unexpected state, HistOrgMain, no internal archive dp specified in archive class of: -, parametrized dp in archive class is dist_11:_NGA_G_EVENT
WCCILdata    (0), 2024.09.23 10:38:33.995, SYS,  SEVERE,     54, Unexpected state, HistOrgMain, no valid archive number
WCCILdata    (0), 2024.09.23 10:38:33.995, PARAM,WARNING,    54, Unexpected state, HistOrgMain, no internal archive dp specified in archive class of: -, parametrized dp in archive class is dist_11:_NGA_G_EVENT
WCCILdata    (0), 2024.09.23 10:38:33.995, SYS,  SEVERE,     54, Unexpected state, HistOrgMain, no valid archive number
WCCILdata    (0), 2024.09.23 10:38:33.995, PARAM,WARNING,    54, Unexpected state, HistOrgMain, no internal archive dp specified in archive class of: -, parametrized dp in archive class is dist_11:_NGA_G_EVENT
WCCILdata    (0), 2024.09.23 10:38:33.995, SYS,  SEVERE,     54, Unexpected state, HistOrgMain, no valid archive number
WCCILdata    (0), 2024.09.23 10:38:33.995, PARAM,WARNING,    54, Unexpected state, HistOrgMain, no internal archive dp specified in archive class of: -, parametrized dp in archive class is dist_11:_NGA_G_EVENT
WCCILdata    (0), 2024.09.23 10:38:33.995, SYS,  SEVERE,     54, Unexpected state, HistOrgMain, no valid archive number
WCCILdata    (0), 2024.09.23 10:38:33.995, PARAM,WARNING,    54, Unexpected state, HistOrgMain, no internal archive dp specified in archive class of: -, parametrized dp in archive class is dist_11:_NGA_G_EVENT
WCCILdata    (0), 2024.09.23 10:38:33.995, SYS,  SEVERE,     54, Unexpected state, HistOrgMain, no valid archive number
WCCILdata    (0), 2024.09.23 10:38:33.995, PARAM,WARNING,    54, Unexpected state, HistOrgMain, no internal archive dp specified in archive class of: -, parametrized dp in archive class is dist_11:_NGA_G_EVENT
WCCILdata    (0), 2024.09.23 10:38:33.995, SYS,  SEVERE,     54, Unexpected state, HistOrgMain, no valid archive number
WCCILdata    (0), 2024.09.23 10:38:33.995, PARAM,WARNING,    54, Unexpected state, HistOrgMain, no internal archive dp specified in archive class of: -, parametrized dp in archive class is dist_11:_NGA_G_EVENT
WCCILdata    (0), 2024.09.23 10:38:33.995, SYS,  SEVERE,     54, Unexpected state, HistOrgMain, no valid archive number
WCCILdata    (0), 2024.09.23 10:38:33.996, PARAM,WARNING,    54, Unexpected state, HistOrgMain, no internal archive dp specified in archive class of: -, parametrized dp in archive class is dist_11:_NGA_G_EVENT
WCCILdata    (0), 2024.09.23 10:38:33.996, SYS,  SEVERE,     54, Unexpected state, HistOrgMain, no valid archive number
WCCILdata    (0), 2024.09.23 10:38:33.996, PARAM,WARNING,    54, Unexpected state, HistOrgMain, no internal archive dp specified in archive class of: -, parametrized dp in archive class is dist_11:_NGA_G_EVENT
WCCILdata    (0), 2024.09.23 10:38:33.996, SYS,  SEVERE,     54, Unexpected state, HistOrgMain, no valid archive number
WCCILdata    (0), 2024.09.23 10:38:33.996, PARAM,WARNING,    54, Unexpected state, HistOrgMain, no internal archive dp specified in archive class of: -, parametrized dp in archive class is dist_11:_NGA_G_EVENT
WCCILdata    (0), 2024.09.23 10:38:33.996, SYS,  SEVERE,     54, Unexpected state, HistOrgMain, no valid archive number
WCCILdata    (0), 2024.09.23 10:38:33.996, PARAM,WARNING,    54, Unexpected state, HistOrgMain, no internal archive dp specified in archive class of: -, parametrized dp in archive class is dist_11:_NGA_G_EVENT
WCCILdata    (0), 2024.09.23 10:38:33.996, SYS,  SEVERE,     54, Unexpected state, HistOrgMain, no valid archive number
WCCILdata    (0), 2024.09.23 10:38:33.996, PARAM,WARNING,    54, Unexpected state, HistOrgMain, no internal archive dp specified in archive class of: -, parametrized dp in archive class is dist_11:_NGA_G_EVENT
WCCILdata    (0), 2024.09.23 10:38:33.996, SYS,  SEVERE,     54, Unexpected state, HistOrgMain, no valid archive number
WCCILdata    (0), 2024.09.23 10:38:33.996, PARAM,WARNING,    54, Unexpected state, HistOrgMain, no internal archive dp specified in archive class of: -, parametrized dp in archive class is dist_11:_NGA_G_EVENT
WCCILdata    (0), 2024.09.23 10:38:33.996, SYS,  SEVERE,     54, Unexpected state, HistOrgMain, no valid archive number
WCCILdata    (0), 2024.09.23 10:38:33.996, PARAM,WARNING,    54, Unexpected state, HistOrgMain, no internal archive dp specified in archive class of: -, parametrized dp in archive class is dist_11:_NGA_G_EVENT
WCCILdata    (0), 2024.09.23 10:38:33.996, SYS,  SEVERE,     54, Unexpected state, HistOrgMain, no valid archive number
WCCILdata    (0), 2024.09.23 10:38:33.996, PARAM,WARNING,    54, Unexpected state, HistOrgMain, no internal archive dp specified in archive class of: -, parametrized dp in archive class is dist_11:_NGA_G_EVENT
WCCILdata    (0), 2024.09.23 10:38:33.996, SYS,  SEVERE,     54, Unexpected state, HistOrgMain, no valid archive number
WCCILdata    (0), 2024.09.23 10:38:33.996, PARAM,WARNING,    54, Unexpected state, HistOrgMain, no internal archive dp specified in archive class of: -, parametrized dp in archive class is dist_11:_NGA_G_EVENT
WCCILdata    (0), 2024.09.23 10:38:33.996, SYS,  SEVERE,     54, Unexpected state, HistOrgMain, no valid archive number
WCCILdata    (0), 2024.09.23 10:38:33.996, PARAM,WARNING,    54, Unexpected state, HistOrgMain, no internal archive dp specified in archive class of: -, parametrized dp in archive class is dist_11:_NGA_G_EVENT
WCCILdata    (0), 2024.09.23 10:38:33.996, SYS,  SEVERE,     54, Unexpected state, HistOrgMain, no valid archive number
WCCILdata    (0), 2024.09.23 10:38:33.996, PARAM,WARNING,    54, Unexpected state, HistOrgMain, no internal archive dp specified in archive class of: -, parametrized dp in archive class is dist_11:_NGA_G_EVENT
WCCILdata    (0), 2024.09.23 10:38:33.996, SYS,  SEVERE,     54, Unexpected state, HistOrgMain, no valid archive number
WCCILdata    (0), 2024.09.23 10:38:33.996, PARAM,WARNING,    54, Unexpected state, HistOrgMain, no internal archive dp specified in archive class of: -, parametrized dp in archive class is dist_11:_NGA_G_EVENT
WCCILdata    (0), 2024.09.23 10:38:33.996, SYS,  SEVERE,     54, Unexpected state, HistOrgMain, no valid archive number
WCCILdata    (0), 2024.09.23 10:38:33.996, PARAM,WARNING,    54, Unexpected state, HistOrgMain, no internal archive dp specified in archive class of: -, parametrized dp in archive class is dist_11:_NGA_G_EVENT
WCCILdata    (0), 2024.09.23 10:38:33.996, SYS,  SEVERE,     54, Unexpected state, HistOrgMain, no valid archive number
WCCILdata    (0), 2024.09.23 10:38:33.996, PARAM,WARNING,    54, Unexpected state, HistOrgMain, no internal archive dp specified in archive class of: -, parametrized dp in archive class is dist_11:_NGA_G_EVENT
WCCILdata    (0), 2024.09.23 10:38:33.996, SYS,  SEVERE,     54, Unexpected state, HistOrgMain, no valid archive number
WCCILdata    (0), 2024.09.23 10:38:33.996, PARAM,WARNING,    54, Unexpected state, HistOrgMain, no internal archive dp specified in archive class of: -, parametrized dp in archive class is dist_11:_NGA_G_EVENT
WCCILdata    (0), 2024.09.23 10:38:33.996, SYS,  SEVERE,     54, Unexpected state, HistOrgMain, no valid archive number
WCCILdata    (0), 2024.09.23 10:38:33.996, PARAM,WARNING,    54, Unexpected state, HistOrgMain, no internal archive dp specified in archive class of: -, parametrized dp in archive class is dist_11:_NGA_G_EVENT
WCCILdata    (0), 2024.09.23 10:38:33.996, SYS,  SEVERE,     54, Unexpected state, HistOrgMain, no valid archive number
WCCILdata    (0), 2024.09.23 10:38:33.996, PARAM,WARNING,    54, Unexpected state, HistOrgMain, no internal archive dp specified in archive class of: -, parametrized dp in archive class is dist_11:_NGA_G_EVENT
WCCILdata    (0), 2024.09.23 10:38:33.996, SYS,  SEVERE,     54, Unexpected state, HistOrgMain, no valid archive number
WCCILdata    (0), 2024.09.23 10:38:33.996, PARAM,WARNING,    54, Unexpected state, HistOrgMain, no internal archive dp specified in archive class of: -, parametrized dp in archive class is dist_11:_NGA_G_EVENT
WCCILdata    (0), 2024.09.23 10:38:33.996, SYS,  SEVERE,     54, Unexpected state, HistOrgMain, no valid archive number
WCCILdata    (0), 2024.09.23 10:38:33.996, PARAM,WARNING,    54, Unexpected state, HistOrgMain, no internal archive dp specified in archive class of: -, parametrized dp in archive class is dist_11:_NGA_G_EVENT
WCCILdata    (0), 2024.09.23 10:38:33.996, SYS,  SEVERE,     54, Unexpected state, HistOrgMain, no valid archive number
WCCILdata    (0), 2024.09.23 10:38:33.997, PARAM,WARNING,    54, Unexpected state, HistOrgMain, no internal archive dp specified in archive class of: -, parametrized dp in archive class is dist_11:_NGA_G_EVENT
WCCILdata    (0), 2024.09.23 10:38:33.997, SYS,  SEVERE,     54, Unexpected state, HistOrgMain, no valid archive number
WCCILdata    (0), 2024.09.23 10:38:33.997, PARAM,WARNING,    54, Unexpected state, HistOrgMain, no internal archive dp specified in archive class of: -, parametrized dp in archive class is dist_11:_NGA_G_EVENT
WCCILdata    (0), 2024.09.23 10:38:33.997, SYS,  SEVERE,     54, Unexpected state, HistOrgMain, no valid archive number
WCCILdata    (0), 2024.09.23 10:38:33.997, PARAM,WARNING,    54, Unexpected state, HistOrgMain, no internal archive dp specified in archive class of: -, parametrized dp in archive class is dist_11:_NGA_G_EVENT
WCCILdata    (0), 2024.09.23 10:38:33.997, SYS,  SEVERE,     54, Unexpected state, HistOrgMain, no valid archive number
WCCILdata    (0), 2024.09.23 10:38:33.997, PARAM,WARNING,    54, Unexpected state, HistOrgMain, no internal archive dp specified in archive class of: -, parametrized dp in archive class is dist_11:_NGA_G_EVENT
WCCILdata    (0), 2024.09.23 10:38:33.997, SYS,  SEVERE,     54, Unexpected state, HistOrgMain, no valid archive number
WCCILdata    (0), 2024.09.23 10:38:33.997, PARAM,WARNING,    54, Unexpected state, HistOrgMain, no internal archive dp specified in archive class of: -, parametrized dp in archive class is dist_11:_NGA_G_EVENT
WCCILdata    (0), 2024.09.23 10:38:33.997, SYS,  SEVERE,     54, Unexpected state, HistOrgMain, no valid archive number
WCCILdata    (0), 2024.09.23 10:38:33.997, PARAM,WARNING,    54, Unexpected state, HistOrgMain, no internal archive dp specified in archive class of: -, parametrized dp in archive class is dist_11:_NGA_G_EVENT
WCCILdata    (0), 2024.09.23 10:38:33.997, SYS,  SEVERE,     54, Unexpected state, HistOrgMain, no valid archive number
WCCILdata    (0), 2024.09.23 10:38:33.997, PARAM,WARNING,    54, Unexpected state, HistOrgMain, no internal archive dp specified in archive class of: -, parametrized dp in archive class is dist_11:_NGA_G_EVENT
WCCILdata    (0), 2024.09.23 10:38:33.997, SYS,  SEVERE,     54, Unexpected state, HistOrgMain, no valid archive number
WCCILdata    (0), 2024.09.23 10:38:33.997, PARAM,WARNING,    54, Unexpected state, HistOrgMain, no internal archive dp specified in archive class of: -, parametrized dp in archive class is dist_11:_NGA_G_EVENT
WCCILdata    (0), 2024.09.23 10:38:33.997, SYS,  SEVERE,     54, Unexpected state, HistOrgMain, no valid archive number
WCCILdata    (0), 2024.09.23 10:38:33.997, PARAM,WARNING,    54, Unexpected state, HistOrgMain, no internal archive dp specified in archive class of: -, parametrized dp in archive class is dist_11:_NGA_G_EVENT
WCCILdata    (0), 2024.09.23 10:38:33.997, SYS,  SEVERE,     54, Unexpected state, HistOrgMain, no valid archive number
WCCILdata    (0), 2024.09.23 10:38:33.997, PARAM,WARNING,    54, Unexpected state, HistOrgMain, no internal archive dp specified in archive class of: -, parametrized dp in archive class is dist_11:_NGA_G_EVENT
WCCILdata    (0), 2024.09.23 10:38:33.997, SYS,  SEVERE,     54, Unexpected state, HistOrgMain, no valid archive number
WCCILdata    (0), 2024.09.23 10:38:33.997, PARAM,WARNING,    54, Unexpected state, HistOrgMain, no internal archive dp specified in archive class of: -, parametrized dp in archive class is dist_11:_NGA_G_EVENT
WCCILdata    (0), 2024.09.23 10:38:33.997, SYS,  SEVERE,     54, Unexpected state, HistOrgMain, no valid archive number
WCCILdata    (0), 2024.09.23 10:38:33.997, PARAM,WARNING,    54, Unexpected state, HistOrgMain, no internal archive dp specified in archive class of: -, parametrized dp in archive class is dist_11:_NGA_G_EVENT
WCCILdata    (0), 2024.09.23 10:38:33.997, SYS,  SEVERE,     54, Unexpected state, HistOrgMain, no valid archive number
WCCILdata    (0), 2024.09.23 10:38:33.997, PARAM,WARNING,    54, Unexpected state, HistOrgMain, no internal archive dp specified in archive class of: -, parametrized dp in archive class is dist_11:_NGA_G_EVENT
WCCILdata    (0), 2024.09.23 10:38:33.997, SYS,  SEVERE,     54, Unexpected state, HistOrgMain, no valid archive number
WCCILdata    (0), 2024.09.23 10:38:33.997, PARAM,WARNING,    54, Unexpected state, HistOrgMain, no internal archive dp specified in archive class of: -, parametrized dp in archive class is dist_11:_NGA_G_EVENT
WCCILdata    (0), 2024.09.23 10:38:33.997, SYS,  SEVERE,     54, Unexpected state, HistOrgMain, no valid archive number
WCCILdata    (0), 2024.09.23 10:38:33.997, PARAM,WARNING,    54, Unexpected state, HistOrgMain, no internal archive dp specified in archive class of: -, parametrized dp in archive class is dist_11:_NGA_G_EVENT
WCCILdata    (0), 2024.09.23 10:38:33.997, SYS,  SEVERE,     54, Unexpected state, HistOrgMain, no valid archive number
WCCILdata    (0), 2024.09.23 10:38:33.997, PARAM,WARNING,    54, Unexpected state, HistOrgMain, no internal archive dp specified in archive class of: -, parametrized dp in archive class is dist_11:_NGA_G_EVENT
WCCILdata    (0), 2024.09.23 10:38:33.997, SYS,  SEVERE,     54, Unexpected state, HistOrgMain, no valid archive number
WCCILdata    (0), 2024.09.23 10:38:33.997, PARAM,WARNING,    54, Unexpected state, HistOrgMain, no internal archive dp specified in archive class of: -, parametrized dp in archive class is dist_11:_NGA_G_EVENT
WCCILdata    (0), 2024.09.23 10:38:33.997, SYS,  SEVERE,     54, Unexpected state, HistOrgMain, no valid archive number
WCCILdata    (0), 2024.09.23 10:38:33.997, PARAM,WARNING,    54, Unexpected state, HistOrgMain, no internal archive dp specified in archive class of: -, parametrized dp in archive class is dist_11:_NGA_G_EVENT
WCCILdata    (0), 2024.09.23 10:38:33.997, SYS,  SEVERE,     54, Unexpected state, HistOrgMain, no valid archive number
WCCILdata    (0), 2024.09.23 10:38:33.997, PARAM,WARNING,    54, Unexpected state, HistOrgMain, no internal archive dp specified in archive class of: -, parametrized dp in archive class is dist_11:_NGA_G_EVENT
WCCILdata    (0), 2024.09.23 10:38:33.997, SYS,  SEVERE,     54, Unexpected state, HistOrgMain, no valid archive number
WCCILdata    (0), 2024.09.23 10:38:33.997, PARAM,WARNING,    54, Unexpected state, HistOrgMain, no internal archive dp specified in archive class of: -, parametrized dp in archive class is dist_11:_NGA_G_EVENT
WCCILdata    (0), 2024.09.23 10:38:33.997, SYS,  SEVERE,     54, Unexpected state, HistOrgMain, no valid archive number
WCCILdata    (0), 2024.09.23 10:38:33.997, PARAM,WARNING,    54, Unexpected state, HistOrgMain, no internal archive dp specified in archive class of: -, parametrized dp in archive class is dist_11:_NGA_G_EVENT
WCCILdata    (0), 2024.09.23 10:38:33.997, SYS,  SEVERE,     54, Unexpected state, HistOrgMain, no valid archive number
WCCILdata    (0), 2024.09.23 10:38:33.998, PARAM,WARNING,    54, Unexpected state, HistOrgMain, no internal archive dp specified in archive class of: -, parametrized dp in archive class is dist_11:_NGA_G_EVENT
WCCILdata    (0), 2024.09.23 10:38:33.998, SYS,  SEVERE,     54, Unexpected state, HistOrgMain, no valid archive number
WCCILdata    (0), 2024.09.23 10:38:33.998, PARAM,WARNING,    54, Unexpected state, HistOrgMain, no internal archive dp specified in archive class of: -, parametrized dp in archive class is dist_11:_NGA_G_EVENT
WCCILdata    (0), 2024.09.23 10:38:33.998, SYS,  SEVERE,     54, Unexpected state, HistOrgMain, no valid archive number
WCCILdata    (0), 2024.09.23 10:38:33.998, PARAM,WARNING,    54, Unexpected state, HistOrgMain, no internal archive dp specified in archive class of: -, parametrized dp in archive class is dist_11:_NGA_G_EVENT
WCCILdata    (0), 2024.09.23 10:38:33.998, SYS,  SEVERE,     54, Unexpected state, HistOrgMain, no valid archive number
WCCILdata    (0), 2024.09.23 10:38:33.998, PARAM,WARNING,    54, Unexpected state, HistOrgMain, no internal archive dp specified in archive class of: -, parametrized dp in archive class is dist_11:_NGA_G_EVENT
WCCILdata    (0), 2024.09.23 10:38:33.998, SYS,  SEVERE,     54, Unexpected state, HistOrgMain, no valid archive number
WCCILdata    (0), 2024.09.23 10:38:33.998, PARAM,WARNING,    54, Unexpected state, HistOrgMain, no internal archive dp specified in archive class of: -, parametrized dp in archive class is dist_11:_NGA_G_EVENT
WCCILdata    (0), 2024.09.23 10:38:33.998, SYS,  SEVERE,     54, Unexpected state, HistOrgMain, no valid archive number
WCCILdata    (0), 2024.09.23 10:38:33.998, PARAM,WARNING,    54, Unexpected state, HistOrgMain, no internal archive dp specified in archive class of: -, parametrized dp in archive class is dist_11:_NGA_G_EVENT
WCCILdata    (0), 2024.09.23 10:38:33.998, SYS,  SEVERE,     54, Unexpected state, HistOrgMain, no valid archive number
WCCILdata    (0), 2024.09.23 10:38:33.998, PARAM,WARNING,    54, Unexpected state, HistOrgMain, no internal archive dp specified in archive class of: -, parametrized dp in archive class is dist_11:_NGA_G_EVENT
WCCILdata    (0), 2024.09.23 10:38:33.998, SYS,  SEVERE,     54, Unexpected state, HistOrgMain, no valid archive number
WCCILdata    (0), 2024.09.23 10:38:33.998, PARAM,WARNING,    54, Unexpected state, HistOrgMain, no internal archive dp specified in archive class of: -, parametrized dp in archive class is dist_11:_NGA_G_EVENT
WCCILdata    (0), 2024.09.23 10:38:33.998, SYS,  SEVERE,     54, Unexpected state, HistOrgMain, no valid archive number
WCCILdata    (0), 2024.09.23 10:38:33.998, PARAM,WARNING,    54, Unexpected state, HistOrgMain, no internal archive dp specified in archive class of: -, parametrized dp in archive class is dist_11:_NGA_G_EVENT
WCCILdata    (0), 2024.09.23 10:38:33.998, SYS,  SEVERE,     54, Unexpected state, HistOrgMain, no valid archive number
WCCILdata    (0), 2024.09.23 10:38:33.998, PARAM,WARNING,    54, Unexpected state, HistOrgMain, no internal archive dp specified in archive class of: -, parametrized dp in archive class is dist_11:_NGA_G_EVENT
WCCILdata    (0), 2024.09.23 10:38:33.998, SYS,  SEVERE,     54, Unexpected state, HistOrgMain, no valid archive number
WCCILdata    (0), 2024.09.23 10:38:33.998, PARAM,WARNING,    54, Unexpected state, HistOrgMain, no internal archive dp specified in archive class of: -, parametrized dp in archive class is dist_11:_NGA_G_EVENT
WCCILdata    (0), 2024.09.23 10:38:33.998, SYS,  SEVERE,     54, Unexpected state, HistOrgMain, no valid archive number
WCCILdata    (0), 2024.09.23 10:38:33.998, PARAM,WARNING,    54, Unexpected state, HistOrgMain, no internal archive dp specified in archive class of: -, parametrized dp in archive class is dist_11:_NGA_G_EVENT
WCCILdata    (0), 2024.09.23 10:38:33.998, SYS,  SEVERE,     54, Unexpected state, HistOrgMain, no valid archive number
WCCILdata    (0), 2024.09.23 10:38:33.998, PARAM,WARNING,    54, Unexpected state, HistOrgMain, no internal archive dp specified in archive class of: -, parametrized dp in archive class is dist_11:_NGA_G_EVENT
WCCILdata    (0), 2024.09.23 10:38:33.998, SYS,  SEVERE,     54, Unexpected state, HistOrgMain, no valid archive number
WCCILdata    (0), 2024.09.23 10:38:33.998, PARAM,WARNING,    54, Unexpected state, HistOrgMain, no internal archive dp specified in archive class of: -, parametrized dp in archive class is dist_11:_NGA_G_EVENT
WCCILdata    (0), 2024.09.23 10:38:33.998, SYS,  SEVERE,     54, Unexpected state, HistOrgMain, no valid archive number
WCCILdata    (0), 2024.09.23 10:38:33.998, PARAM,WARNING,    54, Unexpected state, HistOrgMain, no internal archive dp specified in archive class of: -, parametrized dp in archive class is dist_11:_NGA_G_EVENT
WCCILdata    (0), 2024.09.23 10:38:33.998, SYS,  SEVERE,     54, Unexpected state, HistOrgMain, no valid archive number
WCCILdata    (0), 2024.09.23 10:38:33.998, PARAM,WARNING,    54, Unexpected state, HistOrgMain, no internal archive dp specified in archive class of: -, parametrized dp in archive class is dist_11:_NGA_G_EVENT
WCCILdata    (0), 2024.09.23 10:38:33.998, SYS,  SEVERE,     54, Unexpected state, HistOrgMain, no valid archive number
WCCILdata    (0), 2024.09.23 10:38:33.998, PARAM,WARNING,    54, Unexpected state, HistOrgMain, no internal archive dp specified in archive class of: -, parametrized dp in archive class is dist_11:_NGA_G_EVENT
WCCILdata    (0), 2024.09.23 10:38:33.998, SYS,  SEVERE,     54, Unexpected state, HistOrgMain, no valid archive number
WCCILdata    (0), 2024.09.23 10:38:33.998, PARAM,WARNING,    54, Unexpected state, HistOrgMain, no internal archive dp specified in archive class of: -, parametrized dp in archive class is dist_11:_NGA_G_EVENT
WCCILdata    (0), 2024.09.23 10:38:33.998, SYS,  SEVERE,     54, Unexpected state, HistOrgMain, no valid archive number
WCCILdata    (0), 2024.09.23 10:38:33.998, PARAM,WARNING,    54, Unexpected state, HistOrgMain, no internal archive dp specified in archive class of: -, parametrized dp in archive class is dist_11:_NGA_G_EVENT
WCCILdata    (0), 2024.09.23 10:38:33.998, SYS,  SEVERE,     54, Unexpected state, HistOrgMain, no valid archive number
WCCILdata    (0), 2024.09.23 10:38:33.998, PARAM,WARNING,    54, Unexpected state, HistOrgMain, no internal archive dp specified in archive class of: -, parametrized dp in archive class is dist_11:_NGA_G_EVENT
WCCILdata    (0), 2024.09.23 10:38:33.998, SYS,  SEVERE,     54, Unexpected state, HistOrgMain, no valid archive number
WCCILdata    (0), 2024.09.23 10:38:33.999, PARAM,WARNING,    54, Unexpected state, HistOrgMain, no internal archive dp specified in archive class of: -, parametrized dp in archive class is dist_11:_NGA_G_EVENT
WCCILdata    (0), 2024.09.23 10:38:33.999, SYS,  SEVERE,     54, Unexpected state, HistOrgMain, no valid archive number
WCCILdata    (0), 2024.09.23 10:38:33.999, PARAM,WARNING,    54, Unexpected state, HistOrgMain, no internal archive dp specified in archive class of: -, parametrized dp in archive class is dist_11:_NGA_G_EVENT
WCCILdata    (0), 2024.09.23 10:38:33.999, SYS,  SEVERE,     54, Unexpected state, HistOrgMain, no valid archive number
WCCILdata    (0), 2024.09.23 10:38:33.999, PARAM,WARNING,    54, Unexpected state, HistOrgMain, no internal archive dp specified in archive class of: -, parametrized dp in archive class is dist_11:_NGA_G_EVENT
WCCILdata    (0), 2024.09.23 10:38:33.999, SYS,  SEVERE,     54, Unexpected state, HistOrgMain, no valid archive number
WCCILdata    (0), 2024.09.23 10:38:33.999, PARAM,WARNING,    54, Unexpected state, HistOrgMain, no internal archive dp specified in archive class of: -, parametrized dp in archive class is dist_11:_NGA_G_EVENT
WCCILdata    (0), 2024.09.23 10:38:33.999, SYS,  SEVERE,     54, Unexpected state, HistOrgMain, no valid archive number
WCCILdata    (0), 2024.09.23 10:38:33.999, PARAM,WARNING,    54, Unexpected state, HistOrgMain, no internal archive dp specified in archive class of: -, parametrized dp in archive class is dist_11:_NGA_G_EVENT
WCCILdata    (0), 2024.09.23 10:38:33.999, SYS,  SEVERE,     54, Unexpected state, HistOrgMain, no valid archive number
WCCILdata    (0), 2024.09.23 10:38:33.999, PARAM,WARNING,    54, Unexpected state, HistOrgMain, no internal archive dp specified in archive class of: -, parametrized dp in archive class is dist_11:_NGA_G_EVENT
WCCILdata    (0), 2024.09.23 10:38:33.999, SYS,  SEVERE,     54, Unexpected state, HistOrgMain, no valid archive number
WCCILdata    (0), 2024.09.23 10:38:33.999, PARAM,WARNING,    54, Unexpected state, HistOrgMain, no internal archive dp specified in archive class of: -, parametrized dp in archive class is dist_11:_NGA_G_EVENT
WCCILdata    (0), 2024.09.23 10:38:33.999, SYS,  SEVERE,     54, Unexpected state, HistOrgMain, no valid archive number
WCCILdata    (0), 2024.09.23 10:38:33.999, PARAM,WARNING,    54, Unexpected state, HistOrgMain, no internal archive dp specified in archive class of: -, parametrized dp in archive class is dist_11:_NGA_G_EVENT
WCCILdata    (0), 2024.09.23 10:38:33.999, SYS,  SEVERE,     54, Unexpected state, HistOrgMain, no valid archive number
WCCILdata    (0), 2024.09.23 10:38:33.999, PARAM,WARNING,    54, Unexpected state, HistOrgMain, no internal archive dp specified in archive class of: -, parametrized dp in archive class is dist_11:_NGA_G_EVENT
WCCILdata    (0), 2024.09.23 10:38:33.999, SYS,  SEVERE,     54, Unexpected state, HistOrgMain, no valid archive number
WCCILdata    (0), 2024.09.23 10:38:33.999, PARAM,WARNING,    54, Unexpected state, HistOrgMain, no internal archive dp specified in archive class of: -, parametrized dp in archive class is dist_11:_NGA_G_EVENT
WCCILdata    (0), 2024.09.23 10:38:33.999, SYS,  SEVERE,     54, Unexpected state, HistOrgMain, no valid archive number
WCCILdata    (0), 2024.09.23 10:38:33.999, PARAM,WARNING,    54, Unexpected state, HistOrgMain, no internal archive dp specified in archive class of: -, parametrized dp in archive class is dist_11:_NGA_G_EVENT
WCCILdata    (0), 2024.09.23 10:38:33.999, SYS,  SEVERE,     54, Unexpected state, HistOrgMain, no valid archive number
WCCILdata    (0), 2024.09.23 10:38:33.999, PARAM,WARNING,    54, Unexpected state, HistOrgMain, no internal archive dp specified in archive class of: -, parametrized dp in archive class is dist_11:_NGA_G_EVENT
WCCILdata    (0), 2024.09.23 10:38:33.999, SYS,  SEVERE,     54, Unexpected state, HistOrgMain, no valid archive number
WCCILdata    (0), 2024.09.23 10:38:33.999, PARAM,WARNING,    54, Unexpected state, HistOrgMain, no internal archive dp specified in archive class of: -, parametrized dp in archive class is dist_11:_NGA_G_EVENT
WCCILdata    (0), 2024.09.23 10:38:33.999, SYS,  SEVERE,     54, Unexpected state, HistOrgMain, no valid archive number
WCCILdata    (0), 2024.09.23 10:38:33.999, PARAM,WARNING,    54, Unexpected state, HistOrgMain, no internal archive dp specified in archive class of: -, parametrized dp in archive class is dist_11:_NGA_G_EVENT
WCCILdata    (0), 2024.09.23 10:38:33.999, SYS,  SEVERE,     54, Unexpected state, HistOrgMain, no valid archive number
WCCILdata    (0), 2024.09.23 10:38:33.999, PARAM,WARNING,    54, Unexpected state, HistOrgMain, no internal archive dp specified in archive class of: -, parametrized dp in archive class is dist_11:_NGA_G_EVENT
WCCILdata    (0), 2024.09.23 10:38:33.999, SYS,  SEVERE,     54, Unexpected state, HistOrgMain, no valid archive number
WCCILdata    (0), 2024.09.23 10:38:33.999, PARAM,WARNING,    54, Unexpected state, HistOrgMain, no internal archive dp specified in archive class of: -, parametrized dp in archive class is dist_11:_NGA_G_EVENT
WCCILdata    (0), 2024.09.23 10:38:33.999, SYS,  SEVERE,     54, Unexpected state, HistOrgMain, no valid archive number
WCCILdata    (0), 2024.09.23 10:38:33.999, PARAM,WARNING,    54, Unexpected state, HistOrgMain, no internal archive dp specified in archive class of: -, parametrized dp in archive class is dist_11:_NGA_G_EVENT
WCCILdata    (0), 2024.09.23 10:38:33.999, SYS,  SEVERE,     54, Unexpected state, HistOrgMain, no valid archive number
WCCILdata    (0), 2024.09.23 10:38:33.999, PARAM,WARNING,    54, Unexpected state, HistOrgMain, no internal archive dp specified in archive class of: -, parametrized dp in archive class is dist_11:_NGA_G_EVENT
WCCILdata    (0), 2024.09.23 10:38:33.999, SYS,  SEVERE,     54, Unexpected state, HistOrgMain, no valid archive number
WCCILdata    (0), 2024.09.23 10:38:33.999, PARAM,WARNING,    54, Unexpected state, HistOrgMain, no internal archive dp specified in archive class of: -, parametrized dp in archive class is dist_11:_NGA_G_EVENT
WCCILdata    (0), 2024.09.23 10:38:33.999, SYS,  SEVERE,     54, Unexpected state, HistOrgMain, no valid archive number
WCCILdata    (0), 2024.09.23 10:38:33.999, PARAM,WARNING,    54, Unexpected state, HistOrgMain, no internal archive dp specified in archive class of: -, parametrized dp in archive class is dist_11:_NGA_G_EVENT
WCCILdata    (0), 2024.09.23 10:38:33.999, SYS,  SEVERE,     54, Unexpected state, HistOrgMain, no valid archive number
WCCILdata    (0), 2024.09.23 10:38:33.999, PARAM,WARNING,    54, Unexpected state, HistOrgMain, no internal archive dp specified in archive class of: -, parametrized dp in archive class is dist_11:_NGA_G_EVENT
WCCILdata    (0), 2024.09.23 10:38:33.999, SYS,  SEVERE,     54, Unexpected state, HistOrgMain, no valid archive number
WCCILdata    (0), 2024.09.23 10:38:33.999, PARAM,WARNING,    54, Unexpected state, HistOrgMain, no internal archive dp specified in archive class of: -, parametrized dp in archive class is dist_11:_NGA_G_EVENT
WCCILdata    (0), 2024.09.23 10:38:33.999, SYS,  SEVERE,     54, Unexpected state, HistOrgMain, no valid archive number
WCCILdata    (0), 2024.09.23 10:38:33.999, PARAM,WARNING,    54, Unexpected state, HistOrgMain, no internal archive dp specified in archive class of: -, parametrized dp in archive class is dist_11:_NGA_G_EVENT
WCCILdata    (0), 2024.09.23 10:38:33.999, SYS,  SEVERE,     54, Unexpected state, HistOrgMain, no valid archive number
WCCILdata    (0), 2024.09.23 10:38:34.000, PARAM,WARNING,    54, Unexpected state, HistOrgMain, no internal archive dp specified in archive class of: -, parametrized dp in archive class is dist_11:_NGA_G_EVENT
WCCILdata    (0), 2024.09.23 10:38:34.000, SYS,  SEVERE,     54, Unexpected state, HistOrgMain, no valid archive number
WCCILdata    (0), 2024.09.23 10:38:34.000, PARAM,WARNING,    54, Unexpected state, HistOrgMain, no internal archive dp specified in archive class of: -, parametrized dp in archive class is dist_11:_NGA_G_EVENT
WCCILdata    (0), 2024.09.23 10:38:34.000, SYS,  SEVERE,     54, Unexpected state, HistOrgMain, no valid archive number
WCCILdata    (0), 2024.09.23 10:38:34.000, PARAM,WARNING,    54, Unexpected state, HistOrgMain, no internal archive dp specified in archive class of: -, parametrized dp in archive class is dist_11:_NGA_G_EVENT
WCCILdata    (0), 2024.09.23 10:38:34.000, SYS,  SEVERE,     54, Unexpected state, HistOrgMain, no valid archive number
WCCILdata    (0), 2024.09.23 10:38:34.000, PARAM,WARNING,    54, Unexpected state, HistOrgMain, no internal archive dp specified in archive class of: -, parametrized dp in archive class is dist_11:_NGA_G_EVENT
WCCILdata    (0), 2024.09.23 10:38:34.000, SYS,  SEVERE,     54, Unexpected state, HistOrgMain, no valid archive number
WCCILdata    (0), 2024.09.23 10:38:34.000, PARAM,WARNING,    54, Unexpected state, HistOrgMain, no internal archive dp specified in archive class of: -, parametrized dp in archive class is dist_11:_NGA_G_EVENT
WCCILdata    (0), 2024.09.23 10:38:34.000, SYS,  SEVERE,     54, Unexpected state, HistOrgMain, no valid archive number
WCCILdata    (0), 2024.09.23 10:38:34.000, PARAM,WARNING,    54, Unexpected state, HistOrgMain, no internal archive dp specified in archive class of: -, parametrized dp in archive class is dist_11:_NGA_G_EVENT
WCCILdata    (0), 2024.09.23 10:38:34.000, SYS,  SEVERE,     54, Unexpected state, HistOrgMain, no valid archive number
WCCILdata    (0), 2024.09.23 10:38:34.000, PARAM,WARNING,    54, Unexpected state, HistOrgMain, no internal archive dp specified in archive class of: -, parametrized dp in archive class is dist_11:_NGA_G_EVENT
WCCILdata    (0), 2024.09.23 10:38:34.000, SYS,  SEVERE,     54, Unexpected state, HistOrgMain, no valid archive number
WCCILdata    (0), 2024.09.23 10:38:34.000, PARAM,WARNING,    54, Unexpected state, HistOrgMain, no internal archive dp specified in archive class of: -, parametrized dp in archive class is dist_11:_NGA_G_EVENT
WCCILdata    (0), 2024.09.23 10:38:34.000, SYS,  SEVERE,     54, Unexpected state, HistOrgMain, no valid archive number
WCCILdata    (0), 2024.09.23 10:38:34.000, PARAM,WARNING,    54, Unexpected state, HistOrgMain, no internal archive dp specified in archive class of: -, parametrized dp in archive class is dist_11:_NGA_G_EVENT
WCCILdata    (0), 2024.09.23 10:38:34.000, SYS,  SEVERE,     54, Unexpected state, HistOrgMain, no valid archive number
WCCILdata    (0), 2024.09.23 10:38:34.000, PARAM,WARNING,    54, Unexpected state, HistOrgMain, no internal archive dp specified in archive class of: -, parametrized dp in archive class is dist_11:_NGA_G_EVENT
WCCILdata    (0), 2024.09.23 10:38:34.000, SYS,  SEVERE,     54, Unexpected state, HistOrgMain, no valid archive number
WCCILdata    (0), 2024.09.23 10:38:34.000, PARAM,WARNING,    54, Unexpected state, HistOrgMain, no internal archive dp specified in archive class of: -, parametrized dp in archive class is dist_11:_NGA_G_EVENT
WCCILdata    (0), 2024.09.23 10:38:34.000, SYS,  SEVERE,     54, Unexpected state, HistOrgMain, no valid archive number
WCCILdata    (0), 2024.09.23 10:38:34.000, PARAM,WARNING,    54, Unexpected state, HistOrgMain, no internal archive dp specified in archive class of: -, parametrized dp in archive class is dist_11:_NGA_G_EVENT
WCCILdata    (0), 2024.09.23 10:38:34.000, SYS,  SEVERE,     54, Unexpected state, HistOrgMain, no valid archive number
WCCILdata    (0), 2024.09.23 10:38:34.000, PARAM,WARNING,    54, Unexpected state, HistOrgMain, no internal archive dp specified in archive class of: -, parametrized dp in archive class is dist_11:_NGA_G_EVENT
WCCILdata    (0), 2024.09.23 10:38:34.000, SYS,  SEVERE,     54, Unexpected state, HistOrgMain, no valid archive number
WCCILdata    (0), 2024.09.23 10:38:34.000, PARAM,WARNING,    54, Unexpected state, HistOrgMain, no internal archive dp specified in archive class of: -, parametrized dp in archive class is dist_11:_NGA_G_EVENT
WCCILdata    (0), 2024.09.23 10:38:34.000, SYS,  SEVERE,     54, Unexpected state, HistOrgMain, no valid archive number
WCCILdata    (0), 2024.09.23 10:38:34.000, PARAM,WARNING,    54, Unexpected state, HistOrgMain, no internal archive dp specified in archive class of: -, parametrized dp in archive class is dist_11:_NGA_G_EVENT
WCCILdata    (0), 2024.09.23 10:38:34.000, SYS,  SEVERE,     54, Unexpected state, HistOrgMain, no valid archive number
WCCILdata    (0), 2024.09.23 10:38:34.000, PARAM,WARNING,    54, Unexpected state, HistOrgMain, no internal archive dp specified in archive class of: -, parametrized dp in archive class is dist_11:_NGA_G_EVENT
WCCILdata    (0), 2024.09.23 10:38:34.000, SYS,  SEVERE,     54, Unexpected state, HistOrgMain, no valid archive number
WCCILdata    (0), 2024.09.23 10:38:34.000, PARAM,WARNING,    54, Unexpected state, HistOrgMain, no internal archive dp specified in archive class of: -, parametrized dp in archive class is dist_11:_NGA_G_EVENT
WCCILdata    (0), 2024.09.23 10:38:34.000, SYS,  SEVERE,     54, Unexpected state, HistOrgMain, no valid archive number
WCCILdata    (0), 2024.09.23 10:38:34.000, PARAM,WARNING,    54, Unexpected state, HistOrgMain, no internal archive dp specified in archive class of: -, parametrized dp in archive class is dist_11:_NGA_G_EVENT
WCCILdata    (0), 2024.09.23 10:38:34.000, SYS,  SEVERE,     54, Unexpected state, HistOrgMain, no valid archive number
WCCILdata    (0), 2024.09.23 10:38:34.000, PARAM,WARNING,    54, Unexpected state, HistOrgMain, no internal archive dp specified in archive class of: -, parametrized dp in archive class is dist_11:_NGA_G_EVENT
WCCILdata    (0), 2024.09.23 10:38:34.000, SYS,  SEVERE,     54, Unexpected state, HistOrgMain, no valid archive number
WCCILdata    (0), 2024.09.23 10:38:34.000, PARAM,WARNING,    54, Unexpected state, HistOrgMain, no internal archive dp specified in archive class of: -, parametrized dp in archive class is dist_11:_NGA_G_EVENT
WCCILdata    (0), 2024.09.23 10:38:34.000, SYS,  SEVERE,     54, Unexpected state, HistOrgMain, no valid archive number
WCCILdata    (0), 2024.09.23 10:38:34.000, PARAM,WARNING,    54, Unexpected state, HistOrgMain, no internal archive dp specified in archive class of: -, parametrized dp in archive class is dist_11:_NGA_G_EVENT
WCCILdata    (0), 2024.09.23 10:38:34.000, SYS,  SEVERE,     54, Unexpected state, HistOrgMain, no valid archive number
WCCILdata    (0), 2024.09.23 10:38:34.000, PARAM,WARNING,    54, Unexpected state, HistOrgMain, no internal archive dp specified in archive class of: -, parametrized dp in archive class is dist_11:_NGA_G_EVENT
WCCILdata    (0), 2024.09.23 10:38:34.000, SYS,  SEVERE,     54, Unexpected state, HistOrgMain, no valid archive number
WCCILdata    (0), 2024.09.23 10:38:34.000, PARAM,WARNING,    54, Unexpected state, HistOrgMain, no internal archive dp specified in archive class of: -, parametrized dp in archive class is dist_11:_NGA_G_EVENT
WCCILdata    (0), 2024.09.23 10:38:34.000, SYS,  SEVERE,     54, Unexpected state, HistOrgMain, no valid archive number
WCCILdata    (0), 2024.09.23 10:38:34.000, PARAM,WARNING,    54, Unexpected state, HistOrgMain, no internal archive dp specified in archive class of: -, parametrized dp in archive class is dist_11:_NGA_G_EVENT
WCCILdata    (0), 2024.09.23 10:38:34.001, SYS,  SEVERE,     54, Unexpected state, HistOrgMain, no valid archive number
WCCILdata    (0), 2024.09.23 10:38:34.001, PARAM,WARNING,    54, Unexpected state, HistOrgMain, no internal archive dp specified in archive class of: -, parametrized dp in archive class is dist_11:_NGA_G_EVENT
WCCILdata    (0), 2024.09.23 10:38:34.001, SYS,  SEVERE,     54, Unexpected state, HistOrgMain, no valid archive number
WCCILdata    (0), 2024.09.23 10:38:34.001, PARAM,WARNING,    54, Unexpected state, HistOrgMain, no internal archive dp specified in archive class of: -, parametrized dp in archive class is dist_11:_NGA_G_EVENT
WCCILdata    (0), 2024.09.23 10:38:34.001, SYS,  SEVERE,     54, Unexpected state, HistOrgMain, no valid archive number
WCCILdata    (0), 2024.09.23 10:38:34.001, PARAM,WARNING,    54, Unexpected state, HistOrgMain, no internal archive dp specified in archive class of: -, parametrized dp in archive class is dist_11:_NGA_G_EVENT
WCCILdata    (0), 2024.09.23 10:38:34.001, SYS,  SEVERE,     54, Unexpected state, HistOrgMain, no valid archive number
WCCILdata    (0), 2024.09.23 10:38:34.001, PARAM,WARNING,    54, Unexpected state, HistOrgMain, no internal archive dp specified in archive class of: -, parametrized dp in archive class is dist_11:_NGA_G_EVENT
WCCILdata    (0), 2024.09.23 10:38:34.001, SYS,  SEVERE,     54, Unexpected state, HistOrgMain, no valid archive number
WCCILdata    (0), 2024.09.23 10:38:34.001, PARAM,WARNING,    54, Unexpected state, HistOrgMain, no internal archive dp specified in archive class of: -, parametrized dp in archive class is dist_11:_NGA_G_EVENT
WCCILdata    (0), 2024.09.23 10:38:34.001, SYS,  SEVERE,     54, Unexpected state, HistOrgMain, no valid archive number
WCCILdata    (0), 2024.09.23 10:38:34.001, PARAM,WARNING,    54, Unexpected state, HistOrgMain, no internal archive dp specified in archive class of: -, parametrized dp in archive class is dist_11:_NGA_G_EVENT
WCCILdata    (0), 2024.09.23 10:38:34.001, SYS,  SEVERE,     54, Unexpected state, HistOrgMain, no valid archive number
WCCILdata    (0), 2024.09.23 10:38:34.001, PARAM,WARNING,    54, Unexpected state, HistOrgMain, no internal archive dp specified in archive class of: -, parametrized dp in archive class is dist_11:_NGA_G_EVENT
WCCILdata    (0), 2024.09.23 10:38:34.001, SYS,  SEVERE,     54, Unexpected state, HistOrgMain, no valid archive number
WCCILdata    (0), 2024.09.23 10:38:34.001, PARAM,WARNING,    54, Unexpected state, HistOrgMain, no internal archive dp specified in archive class of: -, parametrized dp in archive class is dist_11:_NGA_G_EVENT
WCCILdata    (0), 2024.09.23 10:38:34.001, SYS,  SEVERE,     54, Unexpected state, HistOrgMain, no valid archive number
WCCILdata    (0), 2024.09.23 10:38:34.001, PARAM,WARNING,    54, Unexpected state, HistOrgMain, no internal archive dp specified in archive class of: -, parametrized dp in archive class is dist_11:_NGA_G_EVENT
WCCILdata    (0), 2024.09.23 10:38:34.001, SYS,  SEVERE,     54, Unexpected state, HistOrgMain, no valid archive number
WCCILdata    (0), 2024.09.23 10:38:34.001, PARAM,WARNING,    54, Unexpected state, HistOrgMain, no internal archive dp specified in archive class of: -, parametrized dp in archive class is dist_11:_NGA_G_EVENT
WCCILdata    (0), 2024.09.23 10:38:34.001, SYS,  SEVERE,     54, Unexpected state, HistOrgMain, no valid archive number
WCCILdata    (0), 2024.09.23 10:38:34.001, PARAM,WARNING,    54, Unexpected state, HistOrgMain, no internal archive dp specified in archive class of: -, parametrized dp in archive class is dist_11:_NGA_G_EVENT
WCCILdata    (0), 2024.09.23 10:38:34.001, SYS,  SEVERE,     54, Unexpected state, HistOrgMain, no valid archive number
WCCILdata    (0), 2024.09.23 10:38:34.001, PARAM,WARNING,    54, Unexpected state, HistOrgMain, no internal archive dp specified in archive class of: -, parametrized dp in archive class is dist_11:_NGA_G_EVENT
WCCILdata    (0), 2024.09.23 10:38:34.001, SYS,  SEVERE,     54, Unexpected state, HistOrgMain, no valid archive number
WCCILdata    (0), 2024.09.23 10:38:34.001, PARAM,WARNING,    54, Unexpected state, HistOrgMain, no internal archive dp specified in archive class of: -, parametrized dp in archive class is dist_11:_NGA_G_EVENT
WCCILdata    (0), 2024.09.23 10:38:34.001, SYS,  SEVERE,     54, Unexpected state, HistOrgMain, no valid archive number
WCCILdata    (0), 2024.09.23 10:38:34.001, PARAM,WARNING,    54, Unexpected state, HistOrgMain, no internal archive dp specified in archive class of: -, parametrized dp in archive class is dist_11:_NGA_G_EVENT
WCCILdata    (0), 2024.09.23 10:38:34.001, SYS,  SEVERE,     54, Unexpected state, HistOrgMain, no valid archive number
WCCILdata    (0), 2024.09.23 10:38:34.001, PARAM,WARNING,    54, Unexpected state, HistOrgMain, no internal archive dp specified in archive class of: -, parametrized dp in archive class is dist_11:_NGA_G_EVENT
WCCILdata    (0), 2024.09.23 10:38:34.001, SYS,  SEVERE,     54, Unexpected state, HistOrgMain, no valid archive number
WCCILdata    (0), 2024.09.23 10:38:34.001, PARAM,WARNING,    54, Unexpected state, HistOrgMain, no internal archive dp specified in archive class of: -, parametrized dp in archive class is dist_11:_NGA_G_EVENT
WCCILdata    (0), 2024.09.23 10:38:34.001, SYS,  SEVERE,     54, Unexpected state, HistOrgMain, no valid archive number
WCCILdata    (0), 2024.09.23 10:38:34.001, PARAM,WARNING,    54, Unexpected state, HistOrgMain, no internal archive dp specified in archive class of: -, parametrized dp in archive class is dist_11:_NGA_G_EVENT
WCCILdata    (0), 2024.09.23 10:38:34.001, SYS,  SEVERE,     54, Unexpected state, HistOrgMain, no valid archive number
WCCILdata    (0), 2024.09.23 10:38:34.001, PARAM,WARNING,    54, Unexpected state, HistOrgMain, no internal archive dp specified in archive class of: -, parametrized dp in archive class is dist_11:_NGA_G_EVENT
WCCILdata    (0), 2024.09.23 10:38:34.001, SYS,  SEVERE,     54, Unexpected state, HistOrgMain, no valid archive number
WCCILdata    (0), 2024.09.23 10:38:34.001, PARAM,WARNING,    54, Unexpected state, HistOrgMain, no internal archive dp specified in archive class of: -, parametrized dp in archive class is dist_11:_NGA_G_EVENT
WCCILdata    (0), 2024.09.23 10:38:34.001, SYS,  SEVERE,     54, Unexpected state, HistOrgMain, no valid archive number
WCCILdata    (0), 2024.09.23 10:38:34.001, PARAM,WARNING,    54, Unexpected state, HistOrgMain, no internal archive dp specified in archive class of: -, parametrized dp in archive class is dist_11:_NGA_G_EVENT
WCCILdata    (0), 2024.09.23 10:38:34.001, SYS,  SEVERE,     54, Unexpected state, HistOrgMain, no valid archive number
WCCILdata    (0), 2024.09.23 10:38:34.001, PARAM,WARNING,    54, Unexpected state, HistOrgMain, no internal archive dp specified in archive class of: -, parametrized dp in archive class is dist_11:_NGA_G_EVENT
WCCILdata    (0), 2024.09.23 10:38:34.001, SYS,  SEVERE,     54, Unexpected state, HistOrgMain, no valid archive number
WCCILdata    (0), 2024.09.23 10:38:34.001, PARAM,WARNING,    54, Unexpected state, HistOrgMain, no internal archive dp specified in archive class of: -, parametrized dp in archive class is dist_11:_NGA_G_EVENT
WCCILdata    (0), 2024.09.23 10:38:34.001, SYS,  SEVERE,     54, Unexpected state, HistOrgMain, no valid archive number
WCCILdata    (0), 2024.09.23 10:38:34.001, PARAM,WARNING,    54, Unexpected state, HistOrgMain, no internal archive dp specified in archive class of: -, parametrized dp in archive class is dist_11:_NGA_G_EVENT
WCCILdata    (0), 2024.09.23 10:38:34.001, SYS,  SEVERE,     54, Unexpected state, HistOrgMain, no valid archive number
WCCILdata    (0), 2024.09.23 10:38:34.002, PARAM,WARNING,    54, Unexpected state, HistOrgMain, no internal archive dp specified in archive class of: -, parametrized dp in archive class is dist_11:_NGA_G_EVENT
WCCILdata    (0), 2024.09.23 10:38:34.002, SYS,  SEVERE,     54, Unexpected state, HistOrgMain, no valid archive number
WCCILdata    (0), 2024.09.23 10:38:34.002, PARAM,WARNING,    54, Unexpected state, HistOrgMain, no internal archive dp specified in archive class of: -, parametrized dp in archive class is dist_11:_NGA_G_EVENT
WCCILdata    (0), 2024.09.23 10:38:34.002, SYS,  SEVERE,     54, Unexpected state, HistOrgMain, no valid archive number
WCCILdata    (0), 2024.09.23 10:38:34.002, PARAM,WARNING,    54, Unexpected state, HistOrgMain, no internal archive dp specified in archive class of: -, parametrized dp in archive class is dist_11:_NGA_G_EVENT
WCCILdata    (0), 2024.09.23 10:38:34.002, SYS,  SEVERE,     54, Unexpected state, HistOrgMain, no valid archive number
WCCILdata    (0), 2024.09.23 10:38:34.002, PARAM,WARNING,    54, Unexpected state, HistOrgMain, no internal archive dp specified in archive class of: -, parametrized dp in archive class is dist_11:_NGA_G_EVENT
WCCILdata    (0), 2024.09.23 10:38:34.002, SYS,  SEVERE,     54, Unexpected state, HistOrgMain, no valid archive number
WCCILdata    (0), 2024.09.23 10:38:34.002, PARAM,WARNING,    54, Unexpected state, HistOrgMain, no internal archive dp specified in archive class of: -, parametrized dp in archive class is dist_11:_NGA_G_EVENT
WCCILdata    (0), 2024.09.23 10:38:34.002, SYS,  SEVERE,     54, Unexpected state, HistOrgMain, no valid archive number
WCCILdata    (0), 2024.09.23 10:38:34.002, PARAM,WARNING,    54, Unexpected state, HistOrgMain, no internal archive dp specified in archive class of: -, parametrized dp in archive class is dist_11:_NGA_G_EVENT
WCCILdata    (0), 2024.09.23 10:38:34.002, SYS,  SEVERE,     54, Unexpected state, HistOrgMain, no valid archive number
WCCILdata    (0), 2024.09.23 10:38:34.002, PARAM,WARNING,    54, Unexpected state, HistOrgMain, no internal archive dp specified in archive class of: -, parametrized dp in archive class is dist_11:_NGA_G_EVENT
WCCILdata    (0), 2024.09.23 10:38:34.002, SYS,  SEVERE,     54, Unexpected state, HistOrgMain, no valid archive number
WCCILdata    (0), 2024.09.23 10:38:34.002, PARAM,WARNING,    54, Unexpected state, HistOrgMain, no internal archive dp specified in archive class of: -, parametrized dp in archive class is dist_11:_NGA_G_EVENT
WCCILdata    (0), 2024.09.23 10:38:34.002, SYS,  SEVERE,     54, Unexpected state, HistOrgMain, no valid archive number
WCCILdata    (0), 2024.09.23 10:38:34.002, PARAM,WARNING,    54, Unexpected state, HistOrgMain, no internal archive dp specified in archive class of: -, parametrized dp in archive class is dist_11:_NGA_G_EVENT
WCCILdata    (0), 2024.09.23 10:38:34.002, SYS,  SEVERE,     54, Unexpected state, HistOrgMain, no valid archive number
WCCILdata    (0), 2024.09.23 10:38:34.002, PARAM,WARNING,    54, Unexpected state, HistOrgMain, no internal archive dp specified in archive class of: -, parametrized dp in archive class is dist_11:_NGA_G_EVENT
WCCILdata    (0), 2024.09.23 10:38:34.002, SYS,  SEVERE,     54, Unexpected state, HistOrgMain, no valid archive number
WCCILdata    (0), 2024.09.23 10:38:34.002, PARAM,WARNING,    54, Unexpected state, HistOrgMain, no internal archive dp specified in archive class of: -, parametrized dp in archive class is dist_11:_NGA_G_EVENT
WCCILdata    (0), 2024.09.23 10:38:34.002, SYS,  SEVERE,     54, Unexpected state, HistOrgMain, no valid archive number
WCCILdata    (0), 2024.09.23 10:38:34.002, PARAM,WARNING,    54, Unexpected state, HistOrgMain, no internal archive dp specified in archive class of: -, parametrized dp in archive class is dist_11:_NGA_G_EVENT
WCCILdata    (0), 2024.09.23 10:38:34.002, SYS,  SEVERE,     54, Unexpected state, HistOrgMain, no valid archive number
WCCILdata    (0), 2024.09.23 10:38:34.002, PARAM,WARNING,    54, Unexpected state, HistOrgMain, no internal archive dp specified in archive class of: -, parametrized dp in archive class is dist_11:_NGA_G_EVENT
WCCILdata    (0), 2024.09.23 10:38:34.002, SYS,  SEVERE,     54, Unexpected state, HistOrgMain, no valid archive number
WCCILdata    (0), 2024.09.23 10:38:34.002, PARAM,WARNING,    54, Unexpected state, HistOrgMain, no internal archive dp specified in archive class of: -, parametrized dp in archive class is dist_11:_NGA_G_EVENT
WCCILdata    (0), 2024.09.23 10:38:34.002, SYS,  SEVERE,     54, Unexpected state, HistOrgMain, no valid archive number
WCCILdata    (0), 2024.09.23 10:38:34.002, PARAM,WARNING,    54, Unexpected state, HistOrgMain, no internal archive dp specified in archive class of: -, parametrized dp in archive class is dist_11:_NGA_G_EVENT
WCCILdata    (0), 2024.09.23 10:38:34.002, SYS,  SEVERE,     54, Unexpected state, HistOrgMain, no valid archive number
WCCILdata    (0), 2024.09.23 10:38:34.002, PARAM,WARNING,    54, Unexpected state, HistOrgMain, no internal archive dp specified in archive class of: -, parametrized dp in archive class is dist_11:_NGA_G_EVENT
WCCILdata    (0), 2024.09.23 10:38:34.002, SYS,  SEVERE,     54, Unexpected state, HistOrgMain, no valid archive number
WCCILdata    (0), 2024.09.23 10:38:34.002, PARAM,WARNING,    54, Unexpected state, HistOrgMain, no internal archive dp specified in archive class of: -, parametrized dp in archive class is dist_11:_NGA_G_EVENT
WCCILdata    (0), 2024.09.23 10:38:34.002, SYS,  SEVERE,     54, Unexpected state, HistOrgMain, no valid archive number
WCCILdata    (0), 2024.09.23 10:38:34.002, PARAM,WARNING,    54, Unexpected state, HistOrgMain, no internal archive dp specified in archive class of: -, parametrized dp in archive class is dist_11:_NGA_G_EVENT
WCCILdata    (0), 2024.09.23 10:38:34.002, SYS,  SEVERE,     54, Unexpected state, HistOrgMain, no valid archive number
WCCILdata    (0), 2024.09.23 10:38:34.002, PARAM,WARNING,    54, Unexpected state, HistOrgMain, no internal archive dp specified in archive class of: -, parametrized dp in archive class is dist_11:_NGA_G_EVENT
WCCILdata    (0), 2024.09.23 10:38:34.002, SYS,  SEVERE,     54, Unexpected state, HistOrgMain, no valid archive number
WCCILdata    (0), 2024.09.23 10:38:34.002, PARAM,WARNING,    54, Unexpected state, HistOrgMain, no internal archive dp specified in archive class of: -, parametrized dp in archive class is dist_11:_NGA_G_EVENT
WCCILdata    (0), 2024.09.23 10:38:34.002, SYS,  SEVERE,     54, Unexpected state, HistOrgMain, no valid archive number
WCCILdata    (0), 2024.09.23 10:38:34.003, PARAM,WARNING,    54, Unexpected state, HistOrgMain, no internal archive dp specified in archive class of: -, parametrized dp in archive class is dist_11:_NGA_G_EVENT
WCCILdata    (0), 2024.09.23 10:38:34.003, SYS,  SEVERE,     54, Unexpected state, HistOrgMain, no valid archive number
WCCILdata    (0), 2024.09.23 10:38:34.003, PARAM,WARNING,    54, Unexpected state, HistOrgMain, no internal archive dp specified in archive class of: -, parametrized dp in archive class is dist_11:_NGA_G_EVENT
WCCILdata    (0), 2024.09.23 10:38:34.003, SYS,  SEVERE,     54, Unexpected state, HistOrgMain, no valid archive number
WCCILdata    (0), 2024.09.23 10:38:34.003, PARAM,WARNING,    54, Unexpected state, HistOrgMain, no internal archive dp specified in archive class of: -, parametrized dp in archive class is dist_11:_NGA_G_EVENT
WCCILdata    (0), 2024.09.23 10:38:34.003, SYS,  SEVERE,     54, Unexpected state, HistOrgMain, no valid archive number
WCCILdata    (0), 2024.09.23 10:38:34.003, PARAM,WARNING,    54, Unexpected state, HistOrgMain, no internal archive dp specified in archive class of: -, parametrized dp in archive class is dist_11:_NGA_G_EVENT
WCCILdata    (0), 2024.09.23 10:38:34.003, SYS,  SEVERE,     54, Unexpected state, HistOrgMain, no valid archive number
WCCILdata    (0), 2024.09.23 10:38:34.003, PARAM,WARNING,    54, Unexpected state, HistOrgMain, no internal archive dp specified in archive class of: -, parametrized dp in archive class is dist_11:_NGA_G_EVENT
WCCILdata    (0), 2024.09.23 10:38:34.003, SYS,  SEVERE,     54, Unexpected state, HistOrgMain, no valid archive number
WCCILdata    (0), 2024.09.23 10:38:34.003, PARAM,WARNING,    54, Unexpected state, HistOrgMain, no internal archive dp specified in archive class of: -, parametrized dp in archive class is dist_11:_NGA_G_EVENT
WCCILdata    (0), 2024.09.23 10:38:34.003, SYS,  SEVERE,     54, Unexpected state, HistOrgMain, no valid archive number
WCCILdata    (0), 2024.09.23 10:38:34.003, PARAM,WARNING,    54, Unexpected state, HistOrgMain, no internal archive dp specified in archive class of: -, parametrized dp in archive class is dist_11:_NGA_G_EVENT
WCCILdata    (0), 2024.09.23 10:38:34.003, SYS,  SEVERE,     54, Unexpected state, HistOrgMain, no valid archive number
WCCILdata    (0), 2024.09.23 10:38:34.003, PARAM,WARNING,    54, Unexpected state, HistOrgMain, no internal archive dp specified in archive class of: -, parametrized dp in archive class is dist_11:_NGA_G_EVENT
WCCILdata    (0), 2024.09.23 10:38:34.003, SYS,  SEVERE,     54, Unexpected state, HistOrgMain, no valid archive number
WCCILdata    (0), 2024.09.23 10:38:34.003, PARAM,WARNING,    54, Unexpected state, HistOrgMain, no internal archive dp specified in archive class of: -, parametrized dp in archive class is dist_11:_NGA_G_EVENT
WCCILdata    (0), 2024.09.23 10:38:34.003, SYS,  SEVERE,     54, Unexpected state, HistOrgMain, no valid archive number
WCCILdata    (0), 2024.09.23 10:38:34.003, PARAM,WARNING,    54, Unexpected state, HistOrgMain, no internal archive dp specified in archive class of: -, parametrized dp in archive class is dist_11:_NGA_G_EVENT
WCCILdata    (0), 2024.09.23 10:38:34.003, SYS,  SEVERE,     54, Unexpected state, HistOrgMain, no valid archive number
WCCILdata    (0), 2024.09.23 10:38:34.003, PARAM,WARNING,    54, Unexpected state, HistOrgMain, no internal archive dp specified in archive class of: -, parametrized dp in archive class is dist_11:_NGA_G_EVENT
WCCILdata    (0), 2024.09.23 10:38:34.003, SYS,  SEVERE,     54, Unexpected state, HistOrgMain, no valid archive number
WCCILdata    (0), 2024.09.23 10:38:34.003, PARAM,WARNING,    54, Unexpected state, HistOrgMain, no internal archive dp specified in archive class of: -, parametrized dp in archive class is dist_11:_NGA_G_EVENT
WCCILdata    (0), 2024.09.23 10:38:34.003, SYS,  SEVERE,     54, Unexpected state, HistOrgMain, no valid archive number
WCCILdata    (0), 2024.09.23 10:38:34.004, PARAM,WARNING,    54, Unexpected state, HistOrgMain, no internal archive dp specified in archive class of: -, parametrized dp in archive class is dist_11:_NGA_G_EVENT
WCCILdata    (0), 2024.09.23 10:38:34.004, SYS,  SEVERE,     54, Unexpected state, HistOrgMain, no valid archive number
WCCILdata    (0), 2024.09.23 10:38:34.004, PARAM,WARNING,    54, Unexpected state, HistOrgMain, no internal archive dp specified in archive class of: -, parametrized dp in archive class is dist_11:_NGA_G_EVENT
WCCILdata    (0), 2024.09.23 10:38:34.004, SYS,  SEVERE,     54, Unexpected state, HistOrgMain, no valid archive number
WCCILdata    (0), 2024.09.23 10:38:34.004, PARAM,WARNING,    54, Unexpected state, HistOrgMain, no internal archive dp specified in archive class of: -, parametrized dp in archive class is dist_11:_NGA_G_EVENT
WCCILdata    (0), 2024.09.23 10:38:34.004, SYS,  SEVERE,     54, Unexpected state, HistOrgMain, no valid archive number
WCCILdata    (0), 2024.09.23 10:38:34.004, PARAM,WARNING,    54, Unexpected state, HistOrgMain, no internal archive dp specified in archive class of: -, parametrized dp in archive class is dist_11:_NGA_G_EVENT
WCCILdata    (0), 2024.09.23 10:38:34.004, SYS,  SEVERE,     54, Unexpected state, HistOrgMain, no valid archive number
WCCILdata    (0), 2024.09.23 10:38:34.004, PARAM,WARNING,    54, Unexpected state, HistOrgMain, no internal archive dp specified in archive class of: -, parametrized dp in archive class is dist_11:_NGA_G_EVENT
WCCILdata    (0), 2024.09.23 10:38:34.004, SYS,  SEVERE,     54, Unexpected state, HistOrgMain, no valid archive number
WCCILdata    (0), 2024.09.23 10:38:34.004, PARAM,WARNING,    54, Unexpected state, HistOrgMain, no internal archive dp specified in archive class of: -, parametrized dp in archive class is dist_11:_NGA_G_EVENT
WCCILdata    (0), 2024.09.23 10:38:34.004, SYS,  SEVERE,     54, Unexpected state, HistOrgMain, no valid archive number
WCCILdata    (0), 2024.09.23 10:38:34.004, PARAM,WARNING,    54, Unexpected state, HistOrgMain, no internal archive dp specified in archive class of: -, parametrized dp in archive class is dist_11:_NGA_G_EVENT
WCCILdata    (0), 2024.09.23 10:38:34.004, SYS,  SEVERE,     54, Unexpected state, HistOrgMain, no valid archive number
WCCILdata    (0), 2024.09.23 10:38:34.004, PARAM,WARNING,    54, Unexpected state, HistOrgMain, no internal archive dp specified in archive class of: -, parametrized dp in archive class is dist_11:_NGA_G_EVENT
WCCILdata    (0), 2024.09.23 10:38:34.004, SYS,  SEVERE,     54, Unexpected state, HistOrgMain, no valid archive number
WCCILdata    (0), 2024.09.23 10:38:34.004, PARAM,WARNING,    54, Unexpected state, HistOrgMain, no internal archive dp specified in archive class of: -, parametrized dp in archive class is dist_11:_NGA_G_EVENT
WCCILdata    (0), 2024.09.23 10:38:34.004, SYS,  SEVERE,     54, Unexpected state, HistOrgMain, no valid archive number
WCCILdata    (0), 2024.09.23 10:38:34.004, PARAM,WARNING,    54, Unexpected state, HistOrgMain, no internal archive dp specified in archive class of: -, parametrized dp in archive class is dist_11:_NGA_G_EVENT
WCCILdata    (0), 2024.09.23 10:38:34.004, SYS,  SEVERE,     54, Unexpected state, HistOrgMain, no valid archive number
WCCILdata    (0), 2024.09.23 10:38:34.004, PARAM,WARNING,    54, Unexpected state, HistOrgMain, no internal archive dp specified in archive class of: -, parametrized dp in archive class is dist_11:_NGA_G_EVENT
WCCILdata    (0), 2024.09.23 10:38:34.004, SYS,  SEVERE,     54, Unexpected state, HistOrgMain, no valid archive number
WCCILdata    (0), 2024.09.23 10:38:34.011, SYS,  INFO,       39, Connection lost, MAN: (SYS: 11 Ascii -num 1 CONN: 1), Connection closed
WCCILdata    (0), 2024.09.23 10:38:34.021, SYS,  INFO,        4, Connected to (SYS: 11 Ascii -num 1 CONN: 1) @ localhost (::1)
WCCILdata    (0), 2024.09.23 10:38:34.022, SYS,  INFO,        0, , Manager (SYS: 11 Ascii -num 1 CONN: 1) initialised
WCCILdata    (0), 2024.09.23 10:38:34.024, SYS,  INFO,        0, , Manager (SYS: 11 Ascii -num 1 CONN: 1) initialised
WCCILdata    (0), 2024.09.23 10:38:34.025, SYS,  INFO,       39, Connection lost, MAN: (SYS: 11 Ascii -num 1 CONN: 1), Connection closed
WCCILdata    (0), 2024.09.23 10:38:34.041, SYS,  INFO,        4, Connected to (SYS: 11 Ascii -num 1 CONN: 1) @ localhost (::1)
WCCILdata    (0), 2024.09.23 10:38:34.043, SYS,  INFO,        0, , Manager (SYS: 11 Ascii -num 1 CONN: 1) initialised
WCCILdata    (0), 2024.09.23 10:38:34.047, SYS,  INFO,        0, , Manager (SYS: 11 Ascii -num 1 CONN: 1) initialised
WCCILdata    (0), 2024.09.23 10:38:34.048, SYS,  INFO,       39, Connection lost, MAN: (SYS: 11 Ascii -num 1 CONN: 1), Connection closed
WCCILdata    (0), 2024.09.23 10:38:34.071, SYS,  INFO,       39, Connection lost, MAN: (SYS: 11 Driver -num 1 CONN: 1), Connection closed
WCCILdata    (0), 2024.09.23 10:38:35.052, SYS,  INFO,       39, Connection lost, MAN: (SYS: 11 Event -num 0 CONN: 1), Connection closed
WCCILdata    (0), 2024.09.23 10:38:36.051, SYS,  INFO,        2, Manager Stop, received signal 15, exiting
WCCILdata    (0), 2024.09.23 10:38:36.052, SYS,  INFO,        0, , Loading DpIdentification
WCCILdata    (0), 2024.09.23 10:38:36.056, SYS,  INFO,        2, Manager Stop
