[2024-09-23_10:48:32]  Starting installation
Now installing: fwCore
     Installing sub Components ... 
Copying files ....
  Importing general config file: ./config/fwStdLib.config ... 
Copying files ....
  Importing general config file: ./config/fwStdUi.config ... 
Copying files ....
ASCII import of file fwGeneral.dpl is finished successfully
ASCII import of file fwGeneral_ProgressBar.dpl is finished successfully
ASCII import of file fwGeneric_KnownEmails.dpl is finished successfully
  Importing general config file: ./config/fwGeneral.config ... 
Copying files ....
ASCII import of file fwConfigsAlarmClasses.dpl is finished successfully
Copying files ....
ASCII import of file fwDeviceDPTs.dpl is finished successfully
ASCII import of file _FwTreeNodeInfo.dpl is finished successfully
Copying files ....
ASCII import of file fwNodeDPs.dpl is finished successfully
ASCII import of file fwNodeDPTs.dpl is finished successfully
Copying files ....
ASCII import of file unDistributedControl.dpl is finished successfully
Copying files ....
ASCII import of file fwTree.dpl is finished successfully
  Importing general config file: ./config/fwTree.config ... 
Copying files ....
ASCII import of file fwAlarmHandlingDPs.dpl is finished successfully
ASCII import of file fwAlarmHandlingDPTs.dpl is finished successfully
ASCII import of file fwAlarmPanelConfig.dpl is finished successfully
  Importing general config file: ./config/fwAlarmHandling.config ... 
Copying files ....
  Importing general config file: ./config/fwCore.config ... 
Now installing: fwDeviceEditorNavigator
Copying files ....
ASCII import of file fwDeviceEditorNavigatorDPTs.dpl is finished successfully
Now installing: fwAnalogDigital
Copying files ....
ASCII import of file fwAnalogDigitalDPs.dpl is finished successfully
ASCII import of file fwAnalogDigitalDPTs.dpl is finished successfully
Now installing: fwElmb
     Installing sub Components ... 
Copying files ....
Copying files ....
ASCII import of file fwElmbDPT.dpl is finished successfully
ASCII import of file fwElmbDPs.dpl is finished successfully
ASCII import of file fwElmbDeviceDefinition.dpl is finished successfully
ASCII import of file fwElmbDriver.dpl is finished successfully
ASCII import of file fwElmbASCIIExport.dpl is finished successfully
  Importing general config file: ./config/fwElmb.config ... 
[2024-09-23_10:48:43] Finishing installation
[2024-09-23_10:48:43] Please find the log file for this installation operation in: /home/etms/Documentos/TestWinCC/ATLITKTEMPT9/log/fwInstallation.log
ASCII import of file fwAlarmHandlingDPE_AESConfig_fwAes.dpl is finished successfully
ASCII import of file fwAlarmHandlingDPE_AESProperties_fwAes.dpl is finished successfully
ASCII import of file fwAlarmHandlingDPE_AEScreen_fwAes.dpl is finished successfully
[2024-09-23_13:50:52]  Starting installation
Now installing: fwTrending
Copying files ....
ASCII import of file fwTrendingDPTs.dpl is finished successfully
ASCII import of file fwTrendingDPs.dpl is finished successfully
[2024-09-23_13:50:53] Finishing installation
[2024-09-23_13:50:53] Please find the log file for this installation operation in: /home/etms/Documentos/TestWinCC/ATLITKTEMPT9/log/fwInstallation.log
ASCII import of file fwTrendingFreshInstallDPs.dpl is finished successfully
