Warning: Ignoring XDG_SESSION_TYPE=wayland on Gnome. Use QT_QPA_PLATFORM=wayland to run on Wayland anyway.
ATTENTION: default value of option vblank_mode overridden by environment.
Warning: Ignoring XDG_SESSION_TYPE=wayland on Gnome. Use QT_QPA_PLATFORM=wayland to run on Wayland anyway.
ATTENTION: default value of option vblank_mode overridden by environment.
Warning: Ignoring XDG_SESSION_TYPE=wayland on Gnome. Use QT_QPA_PLATFORM=wayland to run on Wayland anyway.
ATTENTION: default value of option vblank_mode overridden by environment.
Warning: Ignoring XDG_SESSION_TYPE=wayland on Gnome. Use QT_QPA_PLATFORM=wayland to run on Wayland anyway.
ATTENTION: default value of option vblank_mode overridden by environment.
Warning: Ignoring XDG_SESSION_TYPE=wayland on Gnome. Use QT_QPA_PLATFORM=wayland to run on Wayland anyway.
ATTENTION: default value of option vblank_mode overridden by environment.
Warning: Ignoring XDG_SESSION_TYPE=wayland on Gnome. Use QT_QPA_PLATFORM=wayland to run on Wayland anyway.
ATTENTION: default value of option vblank_mode overridden by environment.
Warning: Ignoring XDG_SESSION_TYPE=wayland on Gnome. Use QT_QPA_PLATFORM=wayland to run on Wayland anyway.
ATTENTION: default value of option vblank_mode overridden by environment.
Warning: Ignoring XDG_SESSION_TYPE=wayland on Gnome. Use QT_QPA_PLATFORM=wayland to run on Wayland anyway.
ATTENTION: default value of option vblank_mode overridden by environment.
Warning: Ignoring XDG_SESSION_TYPE=wayland on Gnome. Use QT_QPA_PLATFORM=wayland to run on Wayland anyway.
ATTENTION: default value of option vblank_mode overridden by environment.
Warning: Ignoring XDG_SESSION_TYPE=wayland on Gnome. Use QT_QPA_PLATFORM=wayland to run on Wayland anyway.
ATTENTION: default value of option vblank_mode overridden by environment.
Warning: Ignoring XDG_SESSION_TYPE=wayland on Gnome. Use QT_QPA_PLATFORM=wayland to run on Wayland anyway.
ATTENTION: default value of option vblank_mode overridden by environment.
Warning: Ignoring XDG_SESSION_TYPE=wayland on Gnome. Use QT_QPA_PLATFORM=wayland to run on Wayland anyway.
ATTENTION: default value of option vblank_mode overridden by environment.
WCCOAopcua   (9), 2024.09.24 14:29:37.773: option -log: bad log-flag
WCCOAopcua   (9), 2024.09.24 14:29:37.773: exit(1) called!
WCCOAopcua   (9), 2024.09.24 14:29:37.891: option -log: bad log-flag
WCCOAopcua   (9), 2024.09.24 14:29:37.891: exit(1) called!
WCCOAopcua   (9), 2024.09.24 14:29:38.010: option -log: bad log-flag
WCCOAopcua   (9), 2024.09.24 14:29:38.010: exit(1) called!
Warning: Ignoring XDG_SESSION_TYPE=wayland on Gnome. Use QT_QPA_PLATFORM=wayland to run on Wayland anyway.
ATTENTION: default value of option vblank_mode overridden by environment.
WCCOAopcua   (9), 2024.09.24 14:30:11.753: option -log: bad log-flag
WCCOAopcua   (9), 2024.09.24 14:30:11.754: exit(1) called!
WCCOAopcua   (9), 2024.09.24 14:30:11.869: option -log: bad log-flag
WCCOAopcua   (9), 2024.09.24 14:30:11.870: exit(1) called!
WCCOAopcua   (9), 2024.09.24 14:30:11.983: option -log: bad log-flag
WCCOAopcua   (9), 2024.09.24 14:30:11.983: exit(1) called!
Warning: Ignoring XDG_SESSION_TYPE=wayland on Gnome. Use QT_QPA_PLATFORM=wayland to run on Wayland anyway.
ATTENTION: default value of option vblank_mode overridden by environment.
Warning: Ignoring XDG_SESSION_TYPE=wayland on Gnome. Use QT_QPA_PLATFORM=wayland to run on Wayland anyway.
ATTENTION: default value of option vblank_mode overridden by environment.
WCCOAopcua   (9), 2024.09.24 14:31:54.091: option -log: bad log-flag
WCCOAopcua   (9), 2024.09.24 14:31:54.091: exit(1) called!
WCCOAopcua   (9), 2024.09.24 14:31:54.208: option -log: bad log-flag
WCCOAopcua   (9), 2024.09.24 14:31:54.208: exit(1) called!
WCCOAopcua   (9), 2024.09.24 14:31:54.323: option -log: bad log-flag
WCCOAopcua   (9), 2024.09.24 14:31:54.323: exit(1) called!
Warning: Ignoring XDG_SESSION_TYPE=wayland on Gnome. Use QT_QPA_PLATFORM=wayland to run on Wayland anyway.
ATTENTION: default value of option vblank_mode overridden by environment.
WCCOAopcua   (9), 2024.09.24 14:32:30.211: option -log: bad log-flag
WCCOAopcua   (9), 2024.09.24 14:32:30.211: exit(1) called!
WCCOAopcua   (9), 2024.09.24 14:32:30.298: option -log: bad log-flag
WCCOAopcua   (9), 2024.09.24 14:32:30.298: exit(1) called!
WCCOAopcua   (9), 2024.09.24 14:32:30.407: option -log: bad log-flag
WCCOAopcua   (9), 2024.09.24 14:32:30.407: exit(1) called!
Warning: Ignoring XDG_SESSION_TYPE=wayland on Gnome. Use QT_QPA_PLATFORM=wayland to run on Wayland anyway.
ATTENTION: default value of option vblank_mode overridden by environment.
WCCOAopcua   (9), 2024.09.24 14:34:12.391: option -log: bad log-flag
WCCOAopcua   (9), 2024.09.24 14:34:12.391: exit(1) called!
WCCOAopcua   (9), 2024.09.24 14:34:12.509: option -log: bad log-flag
WCCOAopcua   (9), 2024.09.24 14:34:12.509: exit(1) called!
WCCOAopcua   (9), 2024.09.24 14:34:12.618: option -log: bad log-flag
WCCOAopcua   (9), 2024.09.24 14:34:12.619: exit(1) called!
Warning: Ignoring XDG_SESSION_TYPE=wayland on Gnome. Use QT_QPA_PLATFORM=wayland to run on Wayland anyway.
ATTENTION: default value of option vblank_mode overridden by environment.
Warning: Ignoring XDG_SESSION_TYPE=wayland on Gnome. Use QT_QPA_PLATFORM=wayland to run on Wayland anyway.
ATTENTION: default value of option vblank_mode overridden by environment.
Warning: Ignoring XDG_SESSION_TYPE=wayland on Gnome. Use QT_QPA_PLATFORM=wayland to run on Wayland anyway.
ATTENTION: default value of option vblank_mode overridden by environment.
Warning: Ignoring XDG_SESSION_TYPE=wayland on Gnome. Use QT_QPA_PLATFORM=wayland to run on Wayland anyway.
ATTENTION: default value of option vblank_mode overridden by environment.
Warning: Ignoring XDG_SESSION_TYPE=wayland on Gnome. Use QT_QPA_PLATFORM=wayland to run on Wayland anyway.
ATTENTION: default value of option vblank_mode overridden by environment.
Warning: Ignoring XDG_SESSION_TYPE=wayland on Gnome. Use QT_QPA_PLATFORM=wayland to run on Wayland anyway.
ATTENTION: default value of option vblank_mode overridden by environment.
Warning: Ignoring XDG_SESSION_TYPE=wayland on Gnome. Use QT_QPA_PLATFORM=wayland to run on Wayland anyway.
ATTENTION: default value of option vblank_mode overridden by environment.
Warning: Ignoring XDG_SESSION_TYPE=wayland on Gnome. Use QT_QPA_PLATFORM=wayland to run on Wayland anyway.
ATTENTION: default value of option vblank_mode overridden by environment.
Warning: Ignoring XDG_SESSION_TYPE=wayland on Gnome. Use QT_QPA_PLATFORM=wayland to run on Wayland anyway.
ATTENTION: default value of option vblank_mode overridden by environment.
Warning: Ignoring XDG_SESSION_TYPE=wayland on Gnome. Use QT_QPA_PLATFORM=wayland to run on Wayland anyway.
ATTENTION: default value of option vblank_mode overridden by environment.
Warning: Ignoring XDG_SESSION_TYPE=wayland on Gnome. Use QT_QPA_PLATFORM=wayland to run on Wayland anyway.
ATTENTION: default value of option vblank_mode overridden by environment.
Warning: Ignoring XDG_SESSION_TYPE=wayland on Gnome. Use QT_QPA_PLATFORM=wayland to run on Wayland anyway.
ATTENTION: default value of option vblank_mode overridden by environment.
........Warning: Ignoring XDG_SESSION_TYPE=wayland on Gnome. Use QT_QPA_PLATFORM=wayland to run on Wayland anyway.
ATTENTION: default value of option vblank_mode overridden by environment.
.....................................................................................................................................................................................................................................................................................................................................................................................................Warning: Ignoring XDG_SESSION_TYPE=wayland on Gnome. Use QT_QPA_PLATFORM=wayland to run on Wayland anyway.
ATTENTION: default value of option vblank_mode overridden by environment.
Warning: Ignoring XDG_SESSION_TYPE=wayland on Gnome. Use QT_QPA_PLATFORM=wayland to run on Wayland anyway.
ATTENTION: default value of option vblank_mode overridden by environment.
Warning: Ignoring XDG_SESSION_TYPE=wayland on Gnome. Use QT_QPA_PLATFORM=wayland to run on Wayland anyway.
ATTENTION: default value of option vblank_mode overridden by environment.
Warning: Ignoring XDG_SESSION_TYPE=wayland on Gnome. Use QT_QPA_PLATFORM=wayland to run on Wayland anyway.
ATTENTION: default value of option vblank_mode overridden by environment.
Warning: Ignoring XDG_SESSION_TYPE=wayland on Gnome. Use QT_QPA_PLATFORM=wayland to run on Wayland anyway.
ATTENTION: default value of option vblank_mode overridden by environment.
Warning: Ignoring XDG_SESSION_TYPE=wayland on Gnome. Use QT_QPA_PLATFORM=wayland to run on Wayland anyway.
ATTENTION: default value of option vblank_mode overridden by environment.
Warning: Ignoring XDG_SESSION_TYPE=wayland on Gnome. Use QT_QPA_PLATFORM=wayland to run on Wayland anyway.
ATTENTION: default value of option vblank_mode overridden by environment.
Warning: Ignoring XDG_SESSION_TYPE=wayland on Gnome. Use QT_QPA_PLATFORM=wayland to run on Wayland anyway.
ATTENTION: default value of option vblank_mode overridden by environment.
Warning: Ignoring XDG_SESSION_TYPE=wayland on Gnome. Use QT_QPA_PLATFORM=wayland to run on Wayland anyway.
ATTENTION: default value of option vblank_mode overridden by environment.
Warning: Ignoring XDG_SESSION_TYPE=wayland on Gnome. Use QT_QPA_PLATFORM=wayland to run on Wayland anyway.
ATTENTION: default value of option vblank_mode overridden by environment.
Warning: Ignoring XDG_SESSION_TYPE=wayland on Gnome. Use QT_QPA_PLATFORM=wayland to run on Wayland anyway.
ATTENTION: default value of option vblank_mode overridden by environment.
Warning: Ignoring XDG_SESSION_TYPE=wayland on Gnome. Use QT_QPA_PLATFORM=wayland to run on Wayland anyway.
ATTENTION: default value of option vblank_mode overridden by environment.
Warning: Ignoring XDG_SESSION_TYPE=wayland on Gnome. Use QT_QPA_PLATFORM=wayland to run on Wayland anyway.
ATTENTION: default value of option vblank_mode overridden by environment.
Warning: Ignoring XDG_SESSION_TYPE=wayland on Gnome. Use QT_QPA_PLATFORM=wayland to run on Wayland anyway.
ATTENTION: default value of option vblank_mode overridden by environment.
Warning: Ignoring XDG_SESSION_TYPE=wayland on Gnome. Use QT_QPA_PLATFORM=wayland to run on Wayland anyway.
ATTENTION: default value of option vblank_mode overridden by environment.
Warning: Ignoring XDG_SESSION_TYPE=wayland on Gnome. Use QT_QPA_PLATFORM=wayland to run on Wayland anyway.
ATTENTION: default value of option vblank_mode overridden by environment.
Warning: Ignoring XDG_SESSION_TYPE=wayland on Gnome. Use QT_QPA_PLATFORM=wayland to run on Wayland anyway.
ATTENTION: default value of option vblank_mode overridden by environment.
Warning: Ignoring XDG_SESSION_TYPE=wayland on Gnome. Use QT_QPA_PLATFORM=wayland to run on Wayland anyway.
ATTENTION: default value of option vblank_mode overridden by environment.
Warning: Ignoring XDG_SESSION_TYPE=wayland on Gnome. Use QT_QPA_PLATFORM=wayland to run on Wayland anyway.
ATTENTION: default value of option vblank_mode overridden by environment.
Warning: Ignoring XDG_SESSION_TYPE=wayland on Gnome. Use QT_QPA_PLATFORM=wayland to run on Wayland anyway.
ATTENTION: default value of option vblank_mode overridden by environment.
Warning: Ignoring XDG_SESSION_TYPE=wayland on Gnome. Use QT_QPA_PLATFORM=wayland to run on Wayland anyway.
ATTENTION: default value of option vblank_mode overridden by environment.
Warning: Ignoring XDG_SESSION_TYPE=wayland on Gnome. Use QT_QPA_PLATFORM=wayland to run on Wayland anyway.
ATTENTION: default value of option vblank_mode overridden by environment.
Warning: Ignoring XDG_SESSION_TYPE=wayland on Gnome. Use QT_QPA_PLATFORM=wayland to run on Wayland anyway.
ATTENTION: default value of option vblank_mode overridden by environment.
Warning: Ignoring XDG_SESSION_TYPE=wayland on Gnome. Use QT_QPA_PLATFORM=wayland to run on Wayland anyway.
ATTENTION: default value of option vblank_mode overridden by environment.
Warning: Ignoring XDG_SESSION_TYPE=wayland on Gnome. Use QT_QPA_PLATFORM=wayland to run on Wayland anyway.
ATTENTION: default value of option vblank_mode overridden by environment.
Warning: Ignoring XDG_SESSION_TYPE=wayland on Gnome. Use QT_QPA_PLATFORM=wayland to run on Wayland anyway.
ATTENTION: default value of option vblank_mode overridden by environment.
Warning: Ignoring XDG_SESSION_TYPE=wayland on Gnome. Use QT_QPA_PLATFORM=wayland to run on Wayland anyway.
ATTENTION: default value of option vblank_mode overridden by environment.
Warning: Ignoring XDG_SESSION_TYPE=wayland on Gnome. Use QT_QPA_PLATFORM=wayland to run on Wayland anyway.
ATTENTION: default value of option vblank_mode overridden by environment.
Warning: Ignoring XDG_SESSION_TYPE=wayland on Gnome. Use QT_QPA_PLATFORM=wayland to run on Wayland anyway.
ATTENTION: default value of option vblank_mode overridden by environment.
Warning: Ignoring XDG_SESSION_TYPE=wayland on Gnome. Use QT_QPA_PLATFORM=wayland to run on Wayland anyway.
ATTENTION: default value of option vblank_mode overridden by environment.
Warning: Ignoring XDG_SESSION_TYPE=wayland on Gnome. Use QT_QPA_PLATFORM=wayland to run on Wayland anyway.
ATTENTION: default value of option vblank_mode overridden by environment.
Warning: Ignoring XDG_SESSION_TYPE=wayland on Gnome. Use QT_QPA_PLATFORM=wayland to run on Wayland anyway.
ATTENTION: default value of option vblank_mode overridden by environment.
Warning: Ignoring XDG_SESSION_TYPE=wayland on Gnome. Use QT_QPA_PLATFORM=wayland to run on Wayland anyway.
ATTENTION: default value of option vblank_mode overridden by environment.
Warning: Ignoring XDG_SESSION_TYPE=wayland on Gnome. Use QT_QPA_PLATFORM=wayland to run on Wayland anyway.
ATTENTION: default value of option vblank_mode overridden by environment.
