2024.09.23 10:48:39.284["fwElmbUser.init: starting script"]
2024.09.23 10:48:39.284["fwElmbUser.init: Created missing user defined data point type _FwElmbCANbusUserDefined"]
2024.09.23 10:48:39.285["fwElmbUser.init: Created missing user defined data point type _FwElmbNodeUserDefined"]
2024.09.23 10:48:39.285["fwElmbUser.init: Created missing user defined data point type _FwElmbDiUserDefined"]
2024.09.23 10:48:39.286["fwElmbUser.init: Created missing user defined data point type _FwElmbAoUserDefined"]
2024.09.23 10:48:39.286["fwElmbUser.init: Created missing user defined data point type _FwElmbDoUserDefined"]
2024.09.23 10:48:39.287["fwElmbUser.init: Created missing user defined data point type _FwElmbAiUserDefined"]
2024.09.23 10:48:39.287["fwElmbUser.init: Created missing user defined data point type _FwElmbDoBytesUserDefined"]
2024.09.23 10:48:39.287["fwElmbUser.init finished."]
2024.09.23 10:48:39.610["fwElmb.init: starting script"]
2024.09.23 10:48:43.517["fwElmb.init: done"]
["fwTrending: initialization script"]
["fwTrending: Detected fresh installation of fwTrending. Flagging post-install job to import DPs for runnning."]
["Unknown Bus Speed"]
["Changing state for dist_11:ELMB/Can01/ELMB1"]
["State requested is: OPERATIONAL"]
["Changing state for dist_11:ELMB/Can01/ELMB1"]
Warning: Ignoring XDG_SESSION_TYPE=wayland on Gnome. Use QT_QPA_PLATFORM=wayland to run on Wayland anyway.
ATTENTION: default value of option vblank_mode overridden by environment.
Please register the custom scheme 'qthelp' via QWebEngineUrlScheme::registerScheme() before installing the custom scheme handler.
Warning: Ignoring XDG_SESSION_TYPE=wayland on Gnome. Use QT_QPA_PLATFORM=wayland to run on Wayland anyway.
ATTENTION: default value of option vblank_mode overridden by environment.
Please register the custom scheme 'qthelp' via QWebEngineUrlScheme::registerScheme() before installing the custom scheme handler.
2024.09.24 14:18:46.780["fwGeneral_openQtHelp"]["Invoking QtHelp for fwConfigs/fwPeriphAddress_8pnl.html using URL"]["qthelp://ch.cern.jcop.fwconfigs/fwConfigs/fwPeriphAddress_8pnl.html"]
Release of profile requested but WebEnginePage still not deleted. Expect troubles !
Release of profile requested but WebEnginePage still not deleted. Expect troubles !
XIO:  fatal IO error 2 (No such file or directory) on X server ":0"
      after 30317 requests (30317 known processed) with 0 events remaining.
Warning: Ignoring XDG_SESSION_TYPE=wayland on Gnome. Use QT_QPA_PLATFORM=wayland to run on Wayland anyway.
ATTENTION: default value of option vblank_mode overridden by environment.
Please register the custom scheme 'qthelp' via QWebEngineUrlScheme::registerScheme() before installing the custom scheme handler.

XSMP error:  Offending minor opcode    = 7 (InteractDone)
             Offending sequence number = 17
             Error class               = BadState
             Severity                  = CanContinue

XIO:  fatal IO error 0 (Success) on X server ":0"
      after 16058 requests (5949 known processed) with 0 events remaining.
2024.10.28 11:57:37.856["fwGeneral_openQtHelp"]["Invoking QtHelp for fwConfigs/fwConversionConfig_8pnl.html using URL"]["qthelp://ch.cern.jcop.fwconfigs/fwConfigs/fwConversionConfig_8pnl.html"]
["_DpGroup	2024.11.06 15:09:30.433	ERROR	No filter selected!"]
["_DpGroup	2024.11.06 15:09:30.919	ERROR	No filter selected!"]
["_DpGroup	2024.11.06 15:09:31.045	ERROR	No filter selected!"]
["_DpGroup	2024.11.06 15:09:32.807	ERROR	No filter selected!"]
["_DpGroup	2024.11.06 15:09:32.969	ERROR	No filter selected!"]
["_DpGroup	2024.11.06 15:09:33.106	ERROR	No filter selected!"]
Warning: Ignoring XDG_SESSION_TYPE=wayland on Gnome. Use QT_QPA_PLATFORM=wayland to run on Wayland anyway.
ATTENTION: default value of option vblank_mode overridden by environment.
Please register the custom scheme 'qthelp' via QWebEngineUrlScheme::registerScheme() before installing the custom scheme handler.
Warning: Ignoring XDG_SESSION_TYPE=wayland on Gnome. Use QT_QPA_PLATFORM=wayland to run on Wayland anyway.
ATTENTION: default value of option vblank_mode overridden by environment.
Please register the custom scheme 'qthelp' via QWebEngineUrlScheme::registerScheme() before installing the custom scheme handler.
["Initializing TABLE2"]
["Setting up dpConnect for:"]["dist_11:ELMB/Can01/ELMB1/AI/voltage_0.value"]
["Initializing TABLE2"]
["Setting up dpConnect for:"]["dist_11:ELMB/Can01/ELMB1/AI/voltage_0.value"]
["Initializing TABLE2"]
["Setting up dpConnect for:"]["dist_11:ELMB/Can01/ELMB1/AI/voltage_0.value"]
["Initializing TABLE2"]
["Setting up dpConnect for:"]["dist_11:ELMB/Can01/ELMB1/AI/voltage_0.value"]
["Initializing TABLE2"]
["Setting up dpConnect for:"]["dist_11:ELMB/Can01/ELMB1/AI/voltage_0.value"]
["Initializing TABLE2"]
["Setting up dpConnect for:"]["dist_11:ELMB/Can01/ELMB1/AI/voltage_0.value"]
["Initializing TABLE2"]
["Setting up dpConnect for:"]["dist_11:ELMB/Can01/ELMB1/AI/voltage_0.value"]
2024.11.07 11:42:35.824["fwGeneral_openQtHelp"]["Invoking QtHelp for fwConfigs/fwConversionConfig_8pnl.html using URL"]["qthelp://ch.cern.jcop.fwconfigs/fwConfigs/fwConversionConfig_8pnl.html"]
["Initializing TABLE2"]
["Setting up dpConnect for:"]["dist_11:ELMB/Can01/ELMB1/AI/voltage_0.value"]
["Initializing TABLE2"]
["Setting up dpConnect for:"]["dist_11:ELMB/Can01/ELMB1/AI/voltage_0.value"]
2024.11.07 18:51:30.431["fwGeneral_openQtHelp"]["Invoking QtHelp for fwDevice/fwDeviceConversionConfig_8pnl.html using URL"]["qthelp://ch.cern.jcop.fwdevice/fwDevice/fwDeviceConversionConfig_8pnl.html"]
Warning: Ignoring XDG_SESSION_TYPE=wayland on Gnome. Use QT_QPA_PLATFORM=wayland to run on Wayland anyway.
ATTENTION: default value of option vblank_mode overridden by environment.
Please register the custom scheme 'qthelp' via QWebEngineUrlScheme::registerScheme() before installing the custom scheme handler.
2024.11.07 18:59:04.024["fwGeneral_openQtHelp"]["Invoking QtHelp for fwConfigs/fwOriginalConfigPopup_8pnl.html using URL"]["qthelp://ch.cern.jcop.fwconfigs/fwConfigs/fwOriginalConfigPopup_8pnl.html"]
Warning: Ignoring XDG_SESSION_TYPE=wayland on Gnome. Use QT_QPA_PLATFORM=wayland to run on Wayland anyway.
ATTENTION: default value of option vblank_mode overridden by environment.
Please register the custom scheme 'qthelp' via QWebEngineUrlScheme::registerScheme() before installing the custom scheme handler.
["Initializing TABLE2"]
["Setting up dpConnect for:"]["dist_11:ELMB/Can01/ELMB1/AI/voltage_0.value"]
["Initializing TABLE2"]
["Setting up dpConnect for:"]["dist_11:ELMB/Can01/ELMB1/AI/voltage_0.value"]
["Initializing TABLE2"]
["Setting up dpConnect for:"]["dist_11:ELMB/Can01/ELMB1/AI/voltage_0.value"]
["Initializing TABLE2"]
["Setting up dpConnect for:"]["dist_11:ELMB/Can01/ELMB1/AI/voltage_0.value"]
Warning: Ignoring XDG_SESSION_TYPE=wayland on Gnome. Use QT_QPA_PLATFORM=wayland to run on Wayland anyway.
ATTENTION: default value of option vblank_mode overridden by environment.
Please register the custom scheme 'qthelp' via QWebEngineUrlScheme::registerScheme() before installing the custom scheme handler.
["Initializing TABLE2"]
["Setting up dpConnect for:"]["dist_11:ELMB/Can01/ELMB1/AI/voltage_0.value"]
["Initializing TABLE2"]
["Setting up dpConnect for:"]["dist_11:ELMB/Can01/ELMB1/AI/voltage_0.value"]
["Initializing TABLE2"]
["Setting up dpConnect for:"]["dist_11:ELMB/Can01/ELMB1/AI/voltage_0.value"]
["Initializing TABLE2"]
["Setting up dpConnect for:"]["dist_11:ELMB/Can01/ELMB1/AI/voltage_0.value"]
["Initializing TABLE2"]
["Setting up dpConnect for:"]["dist_11:ELMB/Can01/ELMB1/AI/voltage_0.value"]
["Initializing TABLE2"]
["Setting up dpConnect for:"]["dist_11:ELMB/Can01/ELMB1/AI/voltage_0.value"]
["Initializing TABLE2"]
["Setting up dpConnect for:"]["dist_11:ELMB/Can01/ELMB1/AI/voltage_0.value"]
["Initializing TABLE2"]
["Setting up dpConnect for:"]["dist_11:ELMB/Can01/ELMB1/AI/voltage_0.value"]
["Initializing TABLE2"]
["Setting up dpConnect for:"]["dist_11:ELMB/Can01/ELMB1/AI/voltage_0.value"]
["Initializing TABLE2"]
["Setting up dpConnect for:"]["dist_11:ELMB/Can01/ELMB1/AI/voltage_0.value"]
["Initializing TABLE2"]
["Setting up dpConnect for:"]["dist_11:ELMB/Can01/ELMB1/AI/voltage_0.value"]
["Initializing TABLE2"]
["Setting up dpConnect for:"]["dist_11:ELMB/Can01/ELMB1/AI/voltage_0.value"]
["Attempting to access data point: "]["ATLPIXELMB:ELMB/Can01/ELMB0/AI/voltage_0.value"][", Status: "][-1]
["Attempting to access data point: "]["ATLPIXELMB:ELMB/Can01/ELMB0/AI/voltage_1.value"][", Status: "][-1]
["Attempting to access data point: "]["ATLPIXELMB:ELMB/Can01/ELMB0/AI/voltage_2.value"][", Status: "][-1]
["Initializing TABLE2"]
["Setting up dpConnect for:"]["dist_11:ELMB/Can01/ELMB1/AI/voltage_0.value"]
["Attempting to access data point: "]["ATLPIXELMB:ELMB/Can01/ELMB0/AI/voltage_0:_online.._value"][", Status: "][-1]
["Attempting to access data point: "]["ATLPIXELMB:ELMB/Can01/ELMB0/AI/voltage_1:_online.._value"][", Status: "][-1]
["Attempting to access data point: "]["ATLPIXELMB:ELMB/Can01/ELMB0/AI/voltage_2:_online.._value"][", Status: "][-1]
["Attempting to access data point: "]["ATLPIXELMB:ELMB/Can01/ELMB0/AI/voltage_0:_online.._value"][", Status: "][-1]
["Attempting to access data point: "]["ATLPIXELMB:ELMB/Can01/ELMB0/AI/voltage_1:_online.._value"][", Status: "][-1]
["Attempting to access data point: "]["ATLPIXELMB:ELMB/Can01/ELMB0/AI/voltage_2:_online.._value"][", Status: "][-1]
["Attempting to access data point: "]["ATLPIXELMB:ELMB/Can01/ELMB0/AI/voltage_0:_online.._value"][", Status: "][-1]
["Attempting to access data point: "]["ATLPIXELMB:ELMB/Can01/ELMB0/AI/voltage_1:_online.._value"][", Status: "][-1]
["Attempting to access data point: "]["ATLPIXELMB:ELMB/Can01/ELMB0/AI/voltage_2:_online.._value"][", Status: "][-1]
["Initializing TABLE2"]
["Setting up dpConnect for:"]["dist_11:ELMB/Can01/ELMB1/AI/voltage_0.value"]
["Attributes available for "]["ATLPIXELMB:ELMB/Can01/ELMB0/AI/voltage_0"][": "][dyn_string 0 items
]
["Attributes available for "]["ATLPIXELMB:ELMB/Can01/ELMB0/AI/voltage_1"][": "][dyn_string 0 items
]
["Attributes available for "]["ATLPIXELMB:ELMB/Can01/ELMB0/AI/voltage_2"][": "][dyn_string 0 items
]
["Attributes available for "]["ATLPIXELMB:ELMB/Can01/ELMB0/AI/voltage_0"][": "][dyn_string 0 items
]
["Attributes available for "]["ATLPIXELMB:ELMB/Can01/ELMB0/AI/voltage_1"][": "][dyn_string 0 items
]
["Attributes available for "]["ATLPIXELMB:ELMB/Can01/ELMB0/AI/voltage_2"][": "][dyn_string 0 items
]
["Attributes available for "]["ATLPIXELMB:ELMB/Can01/ELMB0/AI/voltage_0"][": "][dyn_string 0 items
]
["Attributes available for "]["ATLPIXELMB:ELMB/Can01/ELMB0/AI/voltage_1"][": "][dyn_string 0 items
]
["Attributes available for "]["ATLPIXELMB:ELMB/Can01/ELMB0/AI/voltage_2"][": "][dyn_string 0 items
]
["Attributes available for "]["ATLPIXELMB:ELMB/Can01/ELMB0/AI/voltage_0"][": "][dyn_string 0 items
]
["Attributes available for "]["ATLPIXELMB:ELMB/Can01/ELMB0/AI/voltage_1"][": "][dyn_string 0 items
]
["Attributes available for "]["ATLPIXELMB:ELMB/Can01/ELMB0/AI/voltage_2"][": "][dyn_string 0 items
]
["Attributes available for "]["ATLPIXELMB:ELMB/Can01/ELMB0/AI/voltage_0"][": "][dyn_string 0 items
]
["Attributes available for "]["ATLPIXELMB:ELMB/Can01/ELMB0/AI/voltage_1"][": "][dyn_string 0 items
]
["Attributes available for "]["ATLPIXELMB:ELMB/Can01/ELMB0/AI/voltage_2"][": "][dyn_string 0 items
]
["Attributes available for "]["ATLPIXELMB:ELMB/Can01/ELMB0/AI/voltage_0"][": "][dyn_string 0 items
]
["Attributes available for "]["ATLPIXELMB:ELMB/Can01/ELMB0/AI/voltage_1"][": "][dyn_string 0 items
]
["Attributes available for "]["ATLPIXELMB:ELMB/Can01/ELMB0/AI/voltage_2"][": "][dyn_string 0 items
]
["Attributes available for "]["ATLPIXELMB:ELMB/Can01/ELMB0/AI/voltage_0"][": "][dyn_string 0 items
]
["Attributes available for "]["ATLPIXELMB:ELMB/Can01/ELMB0/AI/voltage_1"][": "][dyn_string 0 items
]
["Attributes available for "]["ATLPIXELMB:ELMB/Can01/ELMB0/AI/voltage_2"][": "][dyn_string 0 items
]
["Attributes available for "]["ATLPIXELMB:ELMB/Can01/ELMB0/AI/voltage_0"][": "][dyn_string 0 items
]
["Attributes available for "]["ATLPIXELMB:ELMB/Can01/ELMB0/AI/voltage_1"][": "][dyn_string 0 items
]
["Attributes available for "]["ATLPIXELMB:ELMB/Can01/ELMB0/AI/voltage_2"][": "][dyn_string 0 items
]
["Attributes available for "]["ATLPIXELMB:ELMB/Can01/ELMB0/AI/voltage_0"][": "][dyn_string 0 items
]
["Attributes available for "]["ATLPIXELMB:ELMB/Can01/ELMB0/AI/voltage_1"][": "][dyn_string 0 items
]
["Attributes available for "]["ATLPIXELMB:ELMB/Can01/ELMB0/AI/voltage_2"][": "][dyn_string 0 items
]
["Attributes available for "]["ATLPIXELMB:ELMB/Can01/ELMB0/AI/voltage_0"][": "][dyn_string 0 items
]
["Attributes available for "]["ATLPIXELMB:ELMB/Can01/ELMB0/AI/voltage_1"][": "][dyn_string 0 items
]
["Attributes available for "]["ATLPIXELMB:ELMB/Can01/ELMB0/AI/voltage_2"][": "][dyn_string 0 items
]
["Attributes available for "]["ATLPIXELMB:ELMB/Can01/ELMB0/AI/voltage_0"][": "][dyn_string 0 items
]
["Attributes available for "]["ATLPIXELMB:ELMB/Can01/ELMB0/AI/voltage_1"][": "][dyn_string 0 items
]
["Attributes available for "]["ATLPIXELMB:ELMB/Can01/ELMB0/AI/voltage_2"][": "][dyn_string 0 items
]
["Attributes available for "]["ATLPIXELMB:ELMB/Can01/ELMB0/AI/voltage_0"][": "][dyn_string 0 items
]
["Attributes available for "]["ATLPIXELMB:ELMB/Can01/ELMB0/AI/voltage_1"][": "][dyn_string 0 items
]
["Attributes available for "]["ATLPIXELMB:ELMB/Can01/ELMB0/AI/voltage_2"][": "][dyn_string 0 items
]
["Attributes available for "]["ATLPIXELMB:ELMB/Can01/ELMB0/AI/voltage_0"][": "][dyn_string 0 items
]
["Attributes available for "]["ATLPIXELMB:ELMB/Can01/ELMB0/AI/voltage_1"][": "][dyn_string 0 items
]
["Attributes available for "]["ATLPIXELMB:ELMB/Can01/ELMB0/AI/voltage_2"][": "][dyn_string 0 items
]
["Attributes available for "]["ATLPIXELMB:ELMB/Can01/ELMB0/AI/voltage_0"][": "][dyn_string 0 items
]
["Attributes available for "]["ATLPIXELMB:ELMB/Can01/ELMB0/AI/voltage_1"][": "][dyn_string 0 items
]
["Attributes available for "]["ATLPIXELMB:ELMB/Can01/ELMB0/AI/voltage_2"][": "][dyn_string 0 items
]
["Initializing TABLE2"]
["Setting up dpConnect for:"]["dist_11:ELMB/Can01/ELMB1/AI/voltage_0.value"]
["Primitive Text clicked - starting data retrieval..."]
["Data point:"]["ATLPIXELMB:ELMB/Can01/ELMB0/AI/voltage_0"][", Status:"][-1][", Value:"][0]
["Initializing TABLE2"]
["Setting up dpConnect for:"]["dist_11:ELMB/Can01/ELMB1/AI/voltage_0.value"]
["Initializing TABLE2"]
["Setting up dpConnect for:"]["dist_11:ELMB/Can01/ELMB1/AI/voltage_0.value"]
["Initializing TABLE2"]
["Setting up dpConnect for:"]["dist_11:ELMB/Can01/ELMB1/AI/voltage_0.value"]
["Initializing TABLE2"]
["Setting up dpConnect for:"]["dist_11:ELMB/Can01/ELMB1/AI/voltage_0.value"]
["Initializing TABLE2"]
["Setting up dpConnect for:"]["dist_11:ELMB/Can01/ELMB1/AI/voltage_0.value"]
["Initializing TABLE2"]
["Setting up dpConnect for:"]["dist_11:ELMB/Can01/ELMB1/AI/voltage_0.value"]
["Initializing TABLE2"]
["Setting up dpConnect for:"]["dist_11:ELMB/Can01/ELMB1/AI/voltage_0.value"]
["Initializing TABLE2"]
["Setting up dpConnect for:"]["dist_11:ELMB/Can01/ELMB1/AI/voltage_0.value"]
["Initializing TABLE2"]
["Setting up dpConnect for:"]["dist_11:ELMB/Can01/ELMB1/AI/voltage_0.value"]
["Initializing TABLE2"]
["Setting up dpConnect for:"]["dist_11:ELMB/Can01/ELMB1/AI/voltage_0.value"]
2024.11.08 23:52:48.769["ERROR"]["fwTrending_showStandardTrend"]["JCOP Framework Trending Tool"]["Single Trend: TestAlarm"]["the type of standardTrendShape 'trend.standardTrend' is not TREND;it is BAR_TREND"]["likely a initialization/configuration problem"]
["Initializing TABLE2"]
["Setting up dpConnect for:"]["dist_11:ELMB/Can01/ELMB1/AI/voltage_0.value"]
["Initializing TABLE2"]
["Setting up dpConnect for:"]["dist_11:ELMB/Can01/ELMB1/AI/voltage_0.value"]
["Initializing TABLE2"]
["Setting up dpConnect for:"]["dist_11:ELMB/Can01/ELMB1/AI/voltage_0.value"]
["Initializing TABLE2"]
["Setting up dpConnect for:"]["dist_11:ELMB/Can01/ELMB1/AI/voltage_0.value"]
["Initializing TABLE2"]
["Setting up dpConnect for:"]["dist_11:ELMB/Can01/ELMB1/AI/voltage_0.value"]
["Initializing TABLE2"]
["Setting up dpConnect for:"]["dist_11:ELMB/Can01/ELMB1/AI/voltage_0.value"]
["Initializing TABLE2"]
["Setting up dpConnect for:"]["dist_11:ELMB/Can01/ELMB1/AI/voltage_0.value"]
["Initializing TABLE2"]
["Setting up dpConnect for:"]["dist_11:ELMB/Can01/ELMB1/AI/voltage_0.value"]
["Initializing TABLE2"]
["Setting up dpConnect for:"]["dist_11:ELMB/Can01/ELMB1/AI/voltage_0.value"]
["Initializing TABLE2"]
["Setting up dpConnect for:"]["dist_11:ELMB/Can01/ELMB1/AI/voltage_0.value"]
["Initializing TABLE2"]
["Setting up dpConnect for:"]["dist_11:ELMB/Can01/ELMB1/AI/voltage_0.value"]
["Initializing TABLE2"]
["Setting up dpConnect for:"]["dist_11:ELMB/Can01/ELMB1/AI/voltage_0.value"]
["Initializing TABLE2"]
["Setting up dpConnect for:"]["dist_11:ELMB/Can01/ELMB1/AI/voltage_0.value"]
["Initializing TABLE2"]
["Setting up dpConnect for:"]["dist_11:ELMB/Can01/ELMB1/AI/voltage_0.value"]
["Initializing TABLE2"]
["Setting up dpConnect for:"]["dist_11:ELMB/Can01/ELMB1/AI/voltage_0.value"]
["Initializing TABLE2"]
["Setting up dpConnect for:"]["dist_11:ELMB/Can01/ELMB1/AI/voltage_0.value"]
["Initializing TABLE2"]
["Setting up dpConnect for:"]["dist_11:ELMB/Can01/ELMB1/AI/voltage_0.value"]
["Initializing TABLE2"]
["Setting up dpConnect for:"]["dist_11:ELMB/Can01/ELMB1/AI/voltage_0.value"]
["Initializing TABLE2"]
["Setting up dpConnect for:"]["dist_11:ELMB/Can01/ELMB1/AI/voltage_0.value"]
["Initializing TABLE2"]
["Setting up dpConnect for:"]["dist_11:ELMB/Can01/ELMB1/AI/voltage_0.value"]
["Initializing TABLE2"]
["Setting up dpConnect for:"]["dist_11:ELMB/Can01/ELMB1/AI/voltage_0.value"]
["Initializing TABLE2"]
["Setting up dpConnect for:"]["dist_11:ELMB/Can01/ELMB1/AI/voltage_0.value"]
["Initializing TABLE2"]
["Setting up dpConnect for:"]["dist_11:ELMB/Can01/ELMB1/AI/voltage_0.value"]
["Initializing TABLE2"]
["Setting up dpConnect for:"]["dist_11:ELMB/Can01/ELMB1/AI/voltage_0.value"]
["Initializing TABLE2"]
["Setting up dpConnect for:"]["dist_11:ELMB/Can01/ELMB1/AI/voltage_0.value"]
["Initializing TABLE2"]
["Setting up dpConnect for:"]["dist_11:ELMB/Can01/ELMB1/AI/voltage_0.value"]
Warning: Ignoring XDG_SESSION_TYPE=wayland on Gnome. Use QT_QPA_PLATFORM=wayland to run on Wayland anyway.
ATTENTION: default value of option vblank_mode overridden by environment.
Please register the custom scheme 'qthelp' via QWebEngineUrlScheme::registerScheme() before installing the custom scheme handler.
Warning: Ignoring XDG_SESSION_TYPE=wayland on Gnome. Use QT_QPA_PLATFORM=wayland to run on Wayland anyway.
ATTENTION: default value of option vblank_mode overridden by environment.
Please register the custom scheme 'qthelp' via QWebEngineUrlScheme::registerScheme() before installing the custom scheme handler.
["Initializing TABLE2"]
["Setting up dpConnect for:"]["dist_11:ELMB/Can01/ELMB1/AI/voltage_0.value"]
["Initializing TABLE2"]
["Setting up dpConnect for:"]["dist_11:ELMB/Can01/ELMB1/AI/voltage_0.value"]
["Initializing TABLE2"]
["Setting up dpConnect for:"]["dist_11:ELMB/Can01/ELMB1/AI/voltage_0.value"]
["Initializing TABLE2"]
["Setting up dpConnect for:"]["dist_11:ELMB/Can01/ELMB1/AI/voltage_0.value"]
["Initializing TABLE2"]
["Setting up dpConnect for:"]["dist_11:ELMB/Can01/ELMB1/AI/voltage_0.value"]
["Initializing TABLE2"]
["Setting up dpConnect for:"]["dist_11:ELMB/Can01/ELMB1/AI/voltage_0.value"]
