["fwElmb: post install file"]
2024.09.23 10:49:23.029["fwElmb: middleware kind (OPC-UA or OPC-DA) was not defined for the project. However note that since fwElmb 5.3.0 only OPC-UA is supported."]
["Now an OPC UA Certificate will be copied to WinCC OA Certificate Store ... "]
["Ooops ... the source certificate doesn't exist. I was looking here: /opt/OpcUaCanOpenServer/bin/PKI/CA/certs/opcuacanopenserver.der"]
["Setting comment on _OPCUACANOPENSERVER.State.ConnState"]
["Setting comment on _OPCUACANOPENSERVER.State.TimeoutError"]
2024.09.23 10:49:23.048["DONE"]
["Post installation script successfully executed. Have fun!!!!"]
["***************************************************"]
["*                                                 *"]
["* If you find any problems please report them to: *"]
["*                                                 *"]
["*              atlas-dcs@cern.ch                  *"]
["*                                                 *"]
["***************************************************"]
2024.09.23 13:50:59.094[""]
2024.09.23 13:50:59.094["**************** fwTrending .postinstall (start) ****************"]
2024.09.23 13:50:59.094[""]
2024.09.23 13:50:59.094["fwTrending: Detected fresh installation of fwTrending. Importing DPs..."]
2024.09.23 13:50:59.162["fwTrending: configuring default panels"]
2024.09.23 13:50:59.162["fwTrending: adding clipboard to trend tree"]
2024.09.23 13:50:59.163["fwTrending: updating device references"]
2024.09.23 13:50:59.163["fwTrending.postInstall() -> FWTREND-1067 -> Fix not required"]
2024.09.23 13:50:59.163[""]
2024.09.23 13:50:59.163["**************** fwTrending .postinstall (finish) ****************"]
2024.09.23 13:50:59.163[""]
2024.09.25 14:18:43.235["dist_11:DistributedControl: DistributedControl initialisation successfully done"]
2024.09.25 14:18:43.235["dist_11:DistributedControl: unDistributedControl version 9.1.0 loaded"]
2024.09.25 14:42:35.699["dist_11:DistributedControl: DistributedControl initialisation successfully done"]
2024.09.25 14:42:35.699["dist_11:DistributedControl: unDistributedControl version 9.1.0 loaded"]
2024.09.25 15:12:46.927["dist_11:DistributedControl: DistributedControl initialisation successfully done"]
2024.09.25 15:12:46.927["dist_11:DistributedControl: unDistributedControl version 9.1.0 loaded"]
2024.09.26 12:01:05.344["dist_11:DistributedControl: DistributedControl initialisation successfully done"]
2024.09.26 12:01:05.344["dist_11:DistributedControl: unDistributedControl version 9.1.0 loaded"]
2024.09.26 12:39:35.626["dist_11:DistributedControl: DistributedControl initialisation successfully done"]
2024.09.26 12:39:35.626["dist_11:DistributedControl: unDistributedControl version 9.1.0 loaded"]
2024.09.26 14:52:41.808["dist_11:DistributedControl: DistributedControl initialisation successfully done"]
2024.09.26 14:52:41.808["dist_11:DistributedControl: unDistributedControl version 9.1.0 loaded"]
2024.10.01 16:15:27.090["dist_11:DistributedControl: DistributedControl initialisation successfully done"]
2024.10.01 16:15:27.090["dist_11:DistributedControl: unDistributedControl version 9.1.0 loaded"]
2024.10.02 14:28:13.264["dist_11:DistributedControl: DistributedControl initialisation successfully done"]
2024.10.02 14:28:13.264["dist_11:DistributedControl: unDistributedControl version 9.1.0 loaded"]
2024.10.16 14:45:12.999["dist_11:DistributedControl: DistributedControl initialisation successfully done"]
2024.10.16 14:45:12.999["dist_11:DistributedControl: unDistributedControl version 9.1.0 loaded"]
2024.10.28 10:26:31.100["dist_11:DistributedControl: DistributedControl initialisation successfully done"]
2024.10.28 10:26:31.100["dist_11:DistributedControl: unDistributedControl version 9.1.0 loaded"]
2024.10.29 14:00:20.878["dist_11:DistributedControl: DistributedControl initialisation successfully done"]
2024.10.29 14:00:20.878["dist_11:DistributedControl: unDistributedControl version 9.1.0 loaded"]
2024.10.29 15:44:26.723["dist_11:DistributedControl: DistributedControl initialisation successfully done"]
2024.10.29 15:44:26.723["dist_11:DistributedControl: unDistributedControl version 9.1.0 loaded"]
2024.10.30 17:49:29.254["dist_11:DistributedControl: DistributedControl initialisation successfully done"]
2024.10.30 17:49:29.254["dist_11:DistributedControl: unDistributedControl version 9.1.0 loaded"]
2024.10.31 14:10:36.585["dist_11:DistributedControl: DistributedControl initialisation successfully done"]
2024.10.31 14:10:36.585["dist_11:DistributedControl: unDistributedControl version 9.1.0 loaded"]
2024.11.01 17:26:05.299["dist_11:DistributedControl: DistributedControl initialisation successfully done"]
2024.11.01 17:26:05.299["dist_11:DistributedControl: unDistributedControl version 9.1.0 loaded"]
2024.11.05 15:14:06.679["dist_11:DistributedControl: DistributedControl initialisation successfully done"]
2024.11.05 15:14:06.679["dist_11:DistributedControl: unDistributedControl version 9.1.0 loaded"]
2024.11.06 14:40:19.980["dist_11:DistributedControl: DistributedControl initialisation successfully done"]
2024.11.06 14:40:19.980["dist_11:DistributedControl: unDistributedControl version 9.1.0 loaded"]
2024.11.06 15:00:43.849["dist_11:DistributedControl: DistributedControl initialisation successfully done"]
2024.11.06 15:00:43.849["dist_11:DistributedControl: unDistributedControl version 9.1.0 loaded"]
2024.11.06 15:32:26.810["dist_11:DistributedControl: DistributedControl initialisation successfully done"]
2024.11.06 15:32:26.810["dist_11:DistributedControl: unDistributedControl version 9.1.0 loaded"]
2024.11.06 15:36:48.854["dist_11:DistributedControl: DistributedControl initialisation successfully done"]
2024.11.06 15:36:48.854["dist_11:DistributedControl: unDistributedControl version 9.1.0 loaded"]
2024.11.07 11:11:25.533["dist_11:DistributedControl: DistributedControl initialisation successfully done"]
2024.11.07 11:11:25.533["dist_11:DistributedControl: unDistributedControl version 9.1.0 loaded"]
2024.11.07 11:26:47.827["dist_11:DistributedControl: DistributedControl initialisation successfully done"]
2024.11.07 11:26:47.827["dist_11:DistributedControl: unDistributedControl version 9.1.0 loaded"]
2024.11.07 12:40:56.768["dist_11:DistributedControl: DistributedControl initialisation successfully done"]
2024.11.07 12:40:56.768["dist_11:DistributedControl: unDistributedControl version 9.1.0 loaded"]
2024.11.07 12:49:31.086["dist_11:DistributedControl: DistributedControl initialisation successfully done"]
2024.11.07 12:49:31.086["dist_11:DistributedControl: unDistributedControl version 9.1.0 loaded"]
2024.11.07 17:27:52.750["dist_11:DistributedControl: DistributedControl initialisation successfully done"]
2024.11.07 17:27:52.750["dist_11:DistributedControl: unDistributedControl version 9.1.0 loaded"]
2024.11.07 19:24:17.598["dist_11:DistributedControl: DistributedControl initialisation successfully done"]
2024.11.07 19:24:17.598["dist_11:DistributedControl: unDistributedControl version 9.1.0 loaded"]
2024.11.07 19:32:41.343["dist_11:DistributedControl: DistributedControl initialisation successfully done"]
2024.11.07 19:32:41.343["dist_11:DistributedControl: unDistributedControl version 9.1.0 loaded"]
2024.11.07 21:12:37.604["dist_11:DistributedControl: DistributedControl initialisation successfully done"]
2024.11.07 21:12:37.604["dist_11:DistributedControl: unDistributedControl version 9.1.0 loaded"]
2024.11.08 13:39:36.462["dist_11:DistributedControl: DistributedControl initialisation successfully done"]
2024.11.08 13:39:36.462["dist_11:DistributedControl: unDistributedControl version 9.1.0 loaded"]
2024.11.08 14:01:16.178["dist_11:DistributedControl: DistributedControl initialisation successfully done"]
2024.11.08 14:01:16.178["dist_11:DistributedControl: unDistributedControl version 9.1.0 loaded"]
2024.11.08 18:17:26.151["dist_11:DistributedControl: DistributedControl initialisation successfully done"]
2024.11.08 18:17:26.151["dist_11:DistributedControl: unDistributedControl version 9.1.0 loaded"]
2024.11.08 18:56:09.908["dist_11:DistributedControl: DistributedControl initialisation successfully done"]
2024.11.08 18:56:09.908["dist_11:DistributedControl: unDistributedControl version 9.1.0 loaded"]
2024.11.09 12:15:15.406["dist_11:DistributedControl: DistributedControl initialisation successfully done"]
2024.11.09 12:15:15.406["dist_11:DistributedControl: unDistributedControl version 9.1.0 loaded"]
2024.11.09 12:42:39.607["dist_11:DistributedControl: DistributedControl initialisation successfully done"]
2024.11.09 12:42:39.607["dist_11:DistributedControl: unDistributedControl version 9.1.0 loaded"]
2024.11.09 22:38:22.655["dist_11:DistributedControl: DistributedControl initialisation successfully done"]
2024.11.09 22:38:22.655["dist_11:DistributedControl: unDistributedControl version 9.1.0 loaded"]
2024.11.11 10:55:46.210["dist_11:DistributedControl: DistributedControl initialisation successfully done"]
2024.11.11 10:55:46.210["dist_11:DistributedControl: unDistributedControl version 9.1.0 loaded"]
2024.11.12 10:53:20.882["dist_11:DistributedControl: DistributedControl initialisation successfully done"]
2024.11.12 10:53:20.882["dist_11:DistributedControl: unDistributedControl version 9.1.0 loaded"]
